InnoDB: using atomic writes.
2023-03-08  8:08:50 0 [Note] InnoDB: Mutexes and rw_locks use Windows interlocked functions
2023-03-08  8:08:50 0 [Note] InnoDB: Uses event mutexes
2023-03-08  8:08:50 0 [Note] InnoDB: Compressed tables use zlib 1.2.11
2023-03-08  8:08:50 0 [Note] InnoDB: Number of pools: 1
2023-03-08  8:08:50 0 [Note] InnoDB: Using SSE2 crc32 instructions
2023-03-08  8:08:50 0 [Note] InnoDB: Initializing buffer pool, total size = 16M, instances = 1, chunk size = 16M
2023-03-08  8:08:50 0 [Note] InnoDB: Completed initialization of buffer pool
2023-03-08  8:08:50 0 [Note] InnoDB: Starting crash recovery from checkpoint LSN=300288
2023-03-08  8:08:51 0 [Note] InnoDB: 128 out of 128 rollback segments are active.
2023-03-08  8:08:51 0 [Note] InnoDB: Removed temporary tablespace data file: "ibtmp1"
2023-03-08  8:08:51 0 [Note] InnoDB: Creating shared tablespace for temporary tables
2023-03-08  8:08:51 0 [Note] InnoDB: Setting file '\xampp\mysql\data\ibtmp1' size to 12 MB. Physically writing the file full; Please wait ...
2023-03-08  8:08:51 0 [Note] InnoDB: File '\xampp\mysql\data\ibtmp1' size is now 12 MB.
2023-03-08  8:08:51 0 [Note] InnoDB: Waiting for purge to start
2023-03-08  8:08:51 0 [Note] InnoDB: 10.4.11 started; log sequence number 300297; transaction id 171
2023-03-08  8:08:51 0 [Note] InnoDB: Loading buffer pool(s) from G:\xampp\mysql\data\ib_buffer_pool
2023-03-08  8:08:51 0 [Note] Plugin 'FEEDBACK' is disabled.
2023-03-08  8:08:51 0 [Note] InnoDB: Buffer pool(s) load completed at 230308  8:08:51
2023-03-08  8:08:51 0 [Note] Server socket created on IP: '::'.
InnoDB: using atomic writes.
2023-03-08  8:09:43 0 [Note] InnoDB: Mutexes and rw_locks use Windows interlocked functions
2023-03-08  8:09:43 0 [Note] InnoDB: Uses event mutexes
2023-03-08  8:09:43 0 [Note] InnoDB: Compressed tables use zlib 1.2.11
2023-03-08  8:09:43 0 [Note] InnoDB: Number of pools: 1
2023-03-08  8:09:43 0 [Note] InnoDB: Using SSE2 crc32 instructions
2023-03-08  8:09:43 0 [Note] InnoDB: Initializing buffer pool, total size = 16M, instances = 1, chunk size = 16M
2023-03-08  8:09:43 0 [Note] InnoDB: Completed initialization of buffer pool
2023-03-08  8:09:43 0 [Note] InnoDB: Starting crash recovery from checkpoint LSN=300722
2023-03-08  8:09:43 0 [Note] InnoDB: 128 out of 128 rollback segments are active.
2023-03-08  8:09:44 0 [Note] InnoDB: Removed temporary tablespace data file: "ibtmp1"
2023-03-08  8:09:44 0 [Note] InnoDB: Creating shared tablespace for temporary tables
2023-03-08  8:09:44 0 [Note] InnoDB: Setting file '\xampp\mysql\data\ibtmp1' size to 12 MB. Physically writing the file full; Please wait ...
2023-03-08  8:09:44 0 [Note] InnoDB: File '\xampp\mysql\data\ibtmp1' size is now 12 MB.
2023-03-08  8:09:44 0 [Note] InnoDB: Waiting for purge to start
2023-03-08  8:09:44 0 [Note] InnoDB: 10.4.11 started; log sequence number 300731; transaction id 195
2023-03-08  8:09:44 0 [Note] InnoDB: Loading buffer pool(s) from G:\xampp\mysql\data\ib_buffer_pool
2023-03-08  8:09:44 0 [Note] Plugin 'FEEDBACK' is disabled.
2023-03-08  8:09:44 0 [Note] Server socket created on IP: '::'.
2023-03-08  8:18:18 0 [Note] mysqld.exe: Aria engine: starting recovery
recovered pages: 0% 100% (0.0 seconds); tables to flush: 1 0
 (0.0 seconds); 
2023-03-08  8:18:18 0 [Note] mysqld.exe: Aria engine: recovery done
InnoDB: using atomic writes.
2023-03-08  8:18:18 0 [Note] InnoDB: Mutexes and rw_locks use Windows interlocked functions
2023-03-08  8:18:18 0 [Note] InnoDB: Uses event mutexes
2023-03-08  8:18:18 0 [Note] InnoDB: Compressed tables use zlib 1.2.11
2023-03-08  8:18:18 0 [Note] InnoDB: Number of pools: 1
2023-03-08  8:18:18 0 [Note] InnoDB: Using SSE2 crc32 instructions
2023-03-08  8:18:18 0 [Note] InnoDB: Initializing buffer pool, total size = 16M, instances = 1, chunk size = 16M
2023-03-08  8:18:18 0 [Note] InnoDB: Completed initialization of buffer pool
2023-03-08  8:18:18 0 [Note] InnoDB: Starting crash recovery from checkpoint LSN=304251
2023-03-08  8:18:18 0 [Note] InnoDB: 128 out of 128 rollback segments are active.
2023-03-08  8:18:18 0 [Note] InnoDB: Removed temporary tablespace data file: "ibtmp1"
2023-03-08  8:18:18 0 [Note] InnoDB: Creating shared tablespace for temporary tables
2023-03-08  8:18:18 0 [Note] InnoDB: Setting file '\xampp\mysql\data\ibtmp1' size to 12 MB. Physically writing the file full; Please wait ...
2023-03-08  8:18:18 0 [Note] InnoDB: File '\xampp\mysql\data\ibtmp1' size is now 12 MB.
2023-03-08  8:18:18 0 [Note] InnoDB: Waiting for purge to start
2023-03-08  8:18:18 0 [Note] InnoDB: 10.4.11 started; log sequence number 304260; transaction id 219
2023-03-08  8:18:18 0 [Note] InnoDB: Loading buffer pool(s) from G:\xampp\mysql\data\ib_buffer_pool
2023-03-08  8:18:18 0 [Note] Plugin 'FEEDBACK' is disabled.
2023-03-08  8:18:18 0 [Note] Server socket created on IP: '::'.
InnoDB: using atomic writes.
2023-03-08 11:01:55 0 [Note] InnoDB: Mutexes and rw_locks use Windows interlocked functions
2023-03-08 11:01:55 0 [Note] InnoDB: Uses event mutexes
2023-03-08 11:01:55 0 [Note] InnoDB: Compressed tables use zlib 1.2.11
2023-03-08 11:01:55 0 [Note] InnoDB: Number of pools: 1
2023-03-08 11:01:55 0 [Note] InnoDB: Using generic crc32 instructions
2023-03-08 11:01:55 0 [Note] InnoDB: Initializing buffer pool, total size = 16M, instances = 1, chunk size = 16M
2023-03-08 11:01:55 0 [Note] InnoDB: Completed initialization of buffer pool
2023-03-08 11:01:55 0 [Note] InnoDB: Starting crash recovery from checkpoint LSN=305630
2023-03-08 11:01:56 0 [Note] InnoDB: 128 out of 128 rollback segments are active.
2023-03-08 11:01:56 0 [Note] InnoDB: Creating shared tablespace for temporary tables
2023-03-08 11:01:56 0 [Note] InnoDB: Setting file '\xampp\mysql\data\ibtmp1' size to 12 MB. Physically writing the file full; Please wait ...
2023-03-08 11:01:56 0 [Note] InnoDB: File '\xampp\mysql\data\ibtmp1' size is now 12 MB.
2023-03-08 11:01:56 0 [Note] InnoDB: Waiting for purge to start
2023-03-08 11:01:56 0 [Note] InnoDB: 10.4.11 started; log sequence number 305639; transaction id 255
2023-03-08 11:01:56 0 [Note] Plugin 'FEEDBACK' is disabled.
2023-03-08 11:01:56 0 [Note] InnoDB: Loading buffer pool(s) from D:\xampp\mysql\data\ib_buffer_pool
2023-03-08 11:01:56 0 [Note] Server socket created on IP: '::'.
2023-03-08 11:01:56 0 [ERROR] Can't start server: Bind on TCP/IP port. Got error: 10048: Tylko jedno u¿ycie ka¿dego adresu gniazda (protokó³/adres sieciowy/port) jest normalnie dozwolone.

2023-03-08 11:01:56 0 [ERROR] Do you already have another mysqld server running on port: 3306 ?
2023-03-08 11:01:56 0 [ERROR] Aborting
InnoDB: using atomic writes.
2023-03-08 11:03:12 0 [Note] InnoDB: Mutexes and rw_locks use Windows interlocked functions
2023-03-08 11:03:12 0 [Note] InnoDB: Uses event mutexes
2023-03-08 11:03:12 0 [Note] InnoDB: Compressed tables use zlib 1.2.11
2023-03-08 11:03:12 0 [Note] InnoDB: Number of pools: 1
2023-03-08 11:03:12 0 [Note] InnoDB: Using generic crc32 instructions
2023-03-08 11:03:12 0 [Note] InnoDB: Initializing buffer pool, total size = 16M, instances = 1, chunk size = 16M
2023-03-08 11:03:12 0 [Note] InnoDB: Completed initialization of buffer pool
2023-03-08 11:03:12 0 [Note] InnoDB: 128 out of 128 rollback segments are active.
2023-03-08 11:03:12 0 [Note] InnoDB: Creating shared tablespace for temporary tables
2023-03-08 11:03:12 0 [Note] InnoDB: Setting file '\xampp\mysql\data\ibtmp1' size to 12 MB. Physically writing the file full; Please wait ...
2023-03-08 11:03:12 0 [Note] InnoDB: File '\xampp\mysql\data\ibtmp1' size is now 12 MB.
2023-03-08 11:03:12 0 [Note] InnoDB: Waiting for purge to start
2023-03-08 11:03:12 0 [Note] InnoDB: 10.4.11 started; log sequence number 305648; transaction id 255
2023-03-08 11:03:12 0 [Note] Plugin 'FEEDBACK' is disabled.
2023-03-08 11:03:12 0 [Note] InnoDB: Loading buffer pool(s) from D:\xampp\mysql\data\ib_buffer_pool
2023-03-08 11:03:12 0 [Note] Server socket created on IP: '::'.
2023-03-08 11:03:12 0 [ERROR] Can't start server: Bind on TCP/IP port. Got error: 10048: Tylko jedno u¿ycie ka¿dego adresu gniazda (protokó³/adres sieciowy/port) jest normalnie dozwolone.

2023-03-08 11:03:12 0 [ERROR] Do you already have another mysqld server running on port: 3306 ?
2023-03-08 11:03:12 0 [ERROR] Aborting
InnoDB: using atomic writes.
2023-03-08 11:05:00 0 [Note] InnoDB: Mutexes and rw_locks use Windows interlocked functions
2023-03-08 11:05:00 0 [Note] InnoDB: Uses event mutexes
2023-03-08 11:05:00 0 [Note] InnoDB: Compressed tables use zlib 1.2.11
2023-03-08 11:05:00 0 [Note] InnoDB: Number of pools: 1
2023-03-08 11:05:00 0 [Note] InnoDB: Using generic crc32 instructions
2023-03-08 11:05:00 0 [Note] InnoDB: Initializing buffer pool, total size = 16M, instances = 1, chunk size = 16M
2023-03-08 11:05:00 0 [Note] InnoDB: Completed initialization of buffer pool
2023-03-08 11:05:00 0 [Note] InnoDB: 128 out of 128 rollback segments are active.
2023-03-08 11:05:00 0 [Note] InnoDB: Creating shared tablespace for temporary tables
2023-03-08 11:05:00 0 [Note] InnoDB: Setting file '\XAMPP\mysql\data\ibtmp1' size to 12 MB. Physically writing the file full; Please wait ...
2023-03-08 11:05:00 0 [Note] InnoDB: File '\XAMPP\mysql\data\ibtmp1' size is now 12 MB.
2023-03-08 11:05:00 0 [Note] InnoDB: Waiting for purge to start
2023-03-08 11:05:00 0 [Note] InnoDB: 10.4.11 started; log sequence number 305657; transaction id 255
2023-03-08 11:05:00 0 [Note] Plugin 'FEEDBACK' is disabled.
2023-03-08 11:05:00 0 [Note] InnoDB: Loading buffer pool(s) from D:\XAMPP\mysql\data\ib_buffer_pool
2023-03-08 11:05:00 0 [Note] Server socket created on IP: '::'.
2023-03-08 11:05:00 0 [ERROR] Can't start server: Bind on TCP/IP port. Got error: 10048: Tylko jedno u¿ycie ka¿dego adresu gniazda (protokó³/adres sieciowy/port) jest normalnie dozwolone.

2023-03-08 11:05:00 0 [ERROR] Do you already have another mysqld server running on port: 3306 ?
2023-03-08 11:05:00 0 [ERROR] Aborting
InnoDB: using atomic writes.
2023-03-08 11:06:16 0 [Note] InnoDB: Mutexes and rw_locks use Windows interlocked functions
2023-03-08 11:06:16 0 [Note] InnoDB: Uses event mutexes
2023-03-08 11:06:16 0 [Note] InnoDB: Compressed tables use zlib 1.2.11
2023-03-08 11:06:16 0 [Note] InnoDB: Number of pools: 1
2023-03-08 11:06:16 0 [Note] InnoDB: Using generic crc32 instructions
2023-03-08 11:06:16 0 [Note] InnoDB: Initializing buffer pool, total size = 16M, instances = 1, chunk size = 16M
2023-03-08 11:06:16 0 [Note] InnoDB: Completed initialization of buffer pool
2023-03-08 11:06:17 0 [Note] InnoDB: 128 out of 128 rollback segments are active.
2023-03-08 11:06:17 0 [Note] InnoDB: Creating shared tablespace for temporary tables
2023-03-08 11:06:17 0 [Note] InnoDB: Setting file '\XAMPP\mysql\data\ibtmp1' size to 12 MB. Physically writing the file full; Please wait ...
2023-03-08 11:06:17 0 [Note] InnoDB: File '\XAMPP\mysql\data\ibtmp1' size is now 12 MB.
2023-03-08 11:06:17 0 [Note] InnoDB: Waiting for purge to start
2023-03-08 11:06:17 0 [Note] InnoDB: 10.4.11 started; log sequence number 305682; transaction id 255
2023-03-08 11:06:17 0 [Note] Plugin 'FEEDBACK' is disabled.
2023-03-08 11:06:17 0 [Note] InnoDB: Loading buffer pool(s) from D:\XAMPP\mysql\data\ib_buffer_pool
2023-03-08 11:06:17 0 [Note] Server socket created on IP: '::'.
InnoDB: using atomic writes.
2023-03-15 11:01:41 0 [Note] InnoDB: Mutexes and rw_locks use Windows interlocked functions
2023-03-15 11:01:41 0 [Note] InnoDB: Uses event mutexes
2023-03-15 11:01:41 0 [Note] InnoDB: Compressed tables use zlib 1.2.11
2023-03-15 11:01:41 0 [Note] InnoDB: Number of pools: 1
2023-03-15 11:01:41 0 [Note] InnoDB: Using generic crc32 instructions
2023-03-15 11:01:41 0 [Note] InnoDB: Initializing buffer pool, total size = 16M, instances = 1, chunk size = 16M
2023-03-15 11:01:41 0 [Note] InnoDB: Completed initialization of buffer pool
2023-03-15 11:01:41 0 [Note] InnoDB: Starting crash recovery from checkpoint LSN=305983
2023-03-15 11:01:42 0 [Note] InnoDB: 128 out of 128 rollback segments are active.
2023-03-15 11:01:42 0 [Note] InnoDB: Removed temporary tablespace data file: "ibtmp1"
2023-03-15 11:01:42 0 [Note] InnoDB: Creating shared tablespace for temporary tables
2023-03-15 11:01:42 0 [Note] InnoDB: Setting file '\XAMPP\mysql\data\ibtmp1' size to 12 MB. Physically writing the file full; Please wait ...
2023-03-15 11:01:42 0 [Note] InnoDB: File '\XAMPP\mysql\data\ibtmp1' size is now 12 MB.
2023-03-15 11:01:42 0 [Note] InnoDB: Waiting for purge to start
2023-03-15 11:01:42 0 [Note] InnoDB: 10.4.11 started; log sequence number 305992; transaction id 279
2023-03-15 11:01:42 0 [Note] Plugin 'FEEDBACK' is disabled.
2023-03-15 11:01:42 0 [Note] InnoDB: Loading buffer pool(s) from D:\XAMPP\mysql\data\ib_buffer_pool
2023-03-15 11:01:43 0 [Note] Server socket created on IP: '::'.
2023-03-15 11:01:43 0 [ERROR] Can't start server: Bind on TCP/IP port. Got error: 10048: Tylko jedno u¿ycie ka¿dego adresu gniazda (protokó³/adres sieciowy/port) jest normalnie dozwolone.

2023-03-15 11:01:43 0 [ERROR] Do you already have another mysqld server running on port: 3306 ?
2023-03-15 11:01:43 0 [ERROR] Aborting
InnoDB: using atomic writes.
2023-03-15 11:02:06 0 [Note] InnoDB: Mutexes and rw_locks use Windows interlocked functions
2023-03-15 11:02:06 0 [Note] InnoDB: Uses event mutexes
2023-03-15 11:02:06 0 [Note] InnoDB: Compressed tables use zlib 1.2.11
2023-03-15 11:02:06 0 [Note] InnoDB: Number of pools: 1
2023-03-15 11:02:06 0 [Note] InnoDB: Using generic crc32 instructions
2023-03-15 11:02:06 0 [Note] InnoDB: Initializing buffer pool, total size = 16M, instances = 1, chunk size = 16M
2023-03-15 11:02:06 0 [Note] InnoDB: Completed initialization of buffer pool
2023-03-15 11:02:06 0 [Note] InnoDB: 128 out of 128 rollback segments are active.
2023-03-15 11:02:06 0 [Note] InnoDB: Creating shared tablespace for temporary tables
2023-03-15 11:02:06 0 [Note] InnoDB: Setting file '\XAMPP\mysql\data\ibtmp1' size to 12 MB. Physically writing the file full; Please wait ...
2023-03-15 11:02:06 0 [Note] InnoDB: File '\XAMPP\mysql\data\ibtmp1' size is now 12 MB.
2023-03-15 11:02:06 0 [Note] InnoDB: Waiting for purge to start
2023-03-15 11:02:06 0 [Note] InnoDB: 10.4.11 started; log sequence number 306001; transaction id 279
2023-03-15 11:02:06 0 [Note] Plugin 'FEEDBACK' is disabled.
2023-03-15 11:02:06 0 [Note] InnoDB: Loading buffer pool(s) from D:\XAMPP\mysql\data\ib_buffer_pool
2023-03-15 11:02:06 0 [Note] Server socket created on IP: '::'.
2023-03-22 11:04:28 0 [Note] mysqld.exe: Aria engine: starting recovery
recovered pages: 0% 17%
2023-03-22 11:04:28 0 [ERROR] mysqld.exe: Index for table '.\mysql\db' is corrupt; try to repair it

***WARNING: .\mysql\db could not be opened: Error: 126
 27% 38%
2023-03-22 11:04:28 0 [ERROR] mysqld.exe: Index for table '.\mysql\db' is corrupt; try to repair it

***WARNING: .\mysql\db could not be opened: Error: 126
 48% 59% 70% 80% 100% (0.1 seconds); tables to flush: 1 0
 (0.0 seconds); 
2023-03-22 11:04:28 0 [Note] mysqld.exe: Aria engine: recovery done
InnoDB: using atomic writes.
2023-03-22 11:04:28 0 [Note] InnoDB: Mutexes and rw_locks use Windows interlocked functions
2023-03-22 11:04:28 0 [Note] InnoDB: Uses event mutexes
2023-03-22 11:04:28 0 [Note] InnoDB: Compressed tables use zlib 1.2.11
2023-03-22 11:04:28 0 [Note] InnoDB: Number of pools: 1
2023-03-22 11:04:28 0 [Note] InnoDB: Using generic crc32 instructions
2023-03-22 11:04:28 0 [Note] InnoDB: Initializing buffer pool, total size = 16M, instances = 1, chunk size = 16M
2023-03-22 11:04:28 0 [Note] InnoDB: Completed initialization of buffer pool
2023-03-22 11:04:28 0 [Note] InnoDB: Starting crash recovery from checkpoint LSN=312447
2023-03-22 11:04:29 0 [Note] InnoDB: 128 out of 128 rollback segments are active.
2023-03-22 11:04:29 0 [Note] InnoDB: Removed temporary tablespace data file: "ibtmp1"
2023-03-22 11:04:29 0 [Note] InnoDB: Creating shared tablespace for temporary tables
2023-03-22 11:04:29 0 [Note] InnoDB: Setting file '\XAMPP\mysql\data\ibtmp1' size to 12 MB. Physically writing the file full; Please wait ...
2023-03-22 11:04:29 0 [Note] InnoDB: File '\XAMPP\mysql\data\ibtmp1' size is now 12 MB.
2023-03-22 11:04:29 0 [Note] InnoDB: Waiting for purge to start
2023-03-22 11:04:29 0 [Note] InnoDB: 10.4.11 started; log sequence number 312456; transaction id 329
2023-03-22 11:04:29 0 [Note] Plugin 'FEEDBACK' is disabled.
2023-03-22 11:04:29 0 [Note] InnoDB: Loading buffer pool(s) from D:\XAMPP\mysql\data\ib_buffer_pool
2023-03-22 11:04:29 0 [Note] Server socket created on IP: '::'.
2023-03-22 11:04:29 0 [ERROR] Can't start server: Bind on TCP/IP port. Got error: 10048: Tylko jedno u¿ycie ka¿dego adresu gniazda (protokó³/adres sieciowy/port) jest normalnie dozwolone.

2023-03-22 11:04:29 0 [ERROR] Do you already have another mysqld server running on port: 3306 ?
2023-03-22 11:04:29 0 [ERROR] Aborting
InnoDB: using atomic writes.
2023-03-22 11:04:48 0 [Note] InnoDB: Mutexes and rw_locks use Windows interlocked functions
2023-03-22 11:04:48 0 [Note] InnoDB: Uses event mutexes
2023-03-22 11:04:48 0 [Note] InnoDB: Compressed tables use zlib 1.2.11
2023-03-22 11:04:48 0 [Note] InnoDB: Number of pools: 1
2023-03-22 11:04:48 0 [Note] InnoDB: Using generic crc32 instructions
2023-03-22 11:04:48 0 [Note] InnoDB: Initializing buffer pool, total size = 16M, instances = 1, chunk size = 16M
2023-03-22 11:04:48 0 [Note] InnoDB: Completed initialization of buffer pool
2023-03-22 11:04:49 0 [Note] InnoDB: 128 out of 128 rollback segments are active.
2023-03-22 11:04:49 0 [Note] InnoDB: Creating shared tablespace for temporary tables
2023-03-22 11:04:49 0 [Note] InnoDB: Setting file '\XAMPP\mysql\data\ibtmp1' size to 12 MB. Physically writing the file full; Please wait ...
2023-03-22 11:04:49 0 [Note] InnoDB: File '\XAMPP\mysql\data\ibtmp1' size is now 12 MB.
2023-03-22 11:04:49 0 [Note] InnoDB: Waiting for purge to start
2023-03-22 11:04:49 0 [Note] InnoDB: 10.4.11 started; log sequence number 312465; transaction id 329
2023-03-22 11:04:49 0 [Note] Plugin 'FEEDBACK' is disabled.
2023-03-22 11:04:49 0 [Note] InnoDB: Loading buffer pool(s) from D:\XAMPP\mysql\data\ib_buffer_pool
2023-03-22 11:04:49 0 [Note] Server socket created on IP: '::'.
InnoDB: using atomic writes.
2023-03-22 11:04:54 0 [Note] InnoDB: Mutexes and rw_locks use Windows interlocked functions
2023-03-22 11:04:54 0 [Note] InnoDB: Uses event mutexes
2023-03-22 11:04:54 0 [Note] InnoDB: Compressed tables use zlib 1.2.11
2023-03-22 11:04:54 0 [Note] InnoDB: Number of pools: 1
2023-03-22 11:04:54 0 [Note] InnoDB: Using generic crc32 instructions
2023-03-22 11:04:54 0 [Note] InnoDB: Initializing buffer pool, total size = 16M, instances = 1, chunk size = 16M
2023-03-22 11:04:54 0 [Note] InnoDB: Completed initialization of buffer pool
2023-03-22 11:04:54 0 [Note] InnoDB: 128 out of 128 rollback segments are active.
2023-03-22 11:04:54 0 [Note] InnoDB: Creating shared tablespace for temporary tables
2023-03-22 11:04:54 0 [Note] InnoDB: Setting file '\XAMPP\mysql\data\ibtmp1' size to 12 MB. Physically writing the file full; Please wait ...
2023-03-22 11:04:54 0 [Note] InnoDB: File '\XAMPP\mysql\data\ibtmp1' size is now 12 MB.
2023-03-22 11:04:54 0 [Note] InnoDB: Waiting for purge to start
2023-03-22 11:04:54 0 [Note] InnoDB: 10.4.11 started; log sequence number 312474; transaction id 329
2023-03-22 11:04:54 0 [Note] Plugin 'FEEDBACK' is disabled.
2023-03-22 11:04:54 0 [Note] InnoDB: Loading buffer pool(s) from D:\XAMPP\mysql\data\ib_buffer_pool
2023-03-22 11:04:54 0 [Note] Server socket created on IP: '::'.
InnoDB: using atomic writes.
2023-03-22 11:05:11 0 [Note] InnoDB: Mutexes and rw_locks use Windows interlocked functions
2023-03-22 11:05:11 0 [Note] InnoDB: Uses event mutexes
2023-03-22 11:05:11 0 [Note] InnoDB: Compressed tables use zlib 1.2.11
2023-03-22 11:05:11 0 [Note] InnoDB: Number of pools: 1
2023-03-22 11:05:11 0 [Note] InnoDB: Using generic crc32 instructions
2023-03-22 11:05:11 0 [Note] InnoDB: Initializing buffer pool, total size = 16M, instances = 1, chunk size = 16M
2023-03-22 11:05:11 0 [Note] InnoDB: Completed initialization of buffer pool
2023-03-22 11:05:11 0 [Note] InnoDB: 128 out of 128 rollback segments are active.
2023-03-22 11:05:11 0 [Note] InnoDB: Creating shared tablespace for temporary tables
2023-03-22 11:05:11 0 [Note] InnoDB: Setting file '\XAMPP\mysql\data\ibtmp1' size to 12 MB. Physically writing the file full; Please wait ...
2023-03-22 11:05:11 0 [Note] InnoDB: File '\XAMPP\mysql\data\ibtmp1' size is now 12 MB.
2023-03-22 11:05:11 0 [Note] InnoDB: Waiting for purge to start
2023-03-22 11:05:11 0 [Note] InnoDB: 10.4.11 started; log sequence number 312483; transaction id 329
2023-03-22 11:05:11 0 [Note] Plugin 'FEEDBACK' is disabled.
2023-03-22 11:05:11 0 [Note] InnoDB: Loading buffer pool(s) from D:\XAMPP\mysql\data\ib_buffer_pool
2023-03-22 11:05:11 0 [Note] Server socket created on IP: '::'.
InnoDB: using atomic writes.
2023-03-22 11:05:57 0 [Note] InnoDB: Mutexes and rw_locks use Windows interlocked functions
2023-03-22 11:05:57 0 [Note] InnoDB: Uses event mutexes
2023-03-22 11:05:57 0 [Note] InnoDB: Compressed tables use zlib 1.2.11
2023-03-22 11:05:57 0 [Note] InnoDB: Number of pools: 1
2023-03-22 11:05:57 0 [Note] InnoDB: Using generic crc32 instructions
2023-03-22 11:05:57 0 [Note] InnoDB: Initializing buffer pool, total size = 16M, instances = 1, chunk size = 16M
2023-03-22 11:05:57 0 [Note] InnoDB: Completed initialization of buffer pool
2023-03-22 11:05:58 0 [Note] InnoDB: 128 out of 128 rollback segments are active.
2023-03-22 11:05:58 0 [Note] InnoDB: Creating shared tablespace for temporary tables
2023-03-22 11:05:58 0 [Note] InnoDB: Setting file '\XAMPP\mysql\data\ibtmp1' size to 12 MB. Physically writing the file full; Please wait ...
2023-03-22 11:05:58 0 [Note] InnoDB: File '\XAMPP\mysql\data\ibtmp1' size is now 12 MB.
2023-03-22 11:05:58 0 [Note] InnoDB: Waiting for purge to start
2023-03-22 11:05:58 0 [Note] InnoDB: 10.4.11 started; log sequence number 312492; transaction id 329
2023-03-22 11:05:58 0 [Note] Plugin 'FEEDBACK' is disabled.
2023-03-22 11:05:58 0 [Note] InnoDB: Loading buffer pool(s) from D:\XAMPP\mysql\data\ib_buffer_pool
2023-03-22 11:05:58 0 [Note] Server socket created on IP: '::'.
InnoDB: using atomic writes.
2023-03-22 11:09:01 0 [Note] InnoDB: Mutexes and rw_locks use Windows interlocked functions
2023-03-22 11:09:01 0 [Note] InnoDB: Uses event mutexes
2023-03-22 11:09:01 0 [Note] InnoDB: Compressed tables use zlib 1.2.11
2023-03-22 11:09:01 0 [Note] InnoDB: Number of pools: 1
2023-03-22 11:09:01 0 [Note] InnoDB: Using generic crc32 instructions
2023-03-22 11:09:01 0 [Note] InnoDB: Initializing buffer pool, total size = 16M, instances = 1, chunk size = 16M
2023-03-22 11:09:01 0 [Note] InnoDB: Completed initialization of buffer pool
2023-03-22 11:09:01 0 [Note] InnoDB: 128 out of 128 rollback segments are active.
2023-03-22 11:09:01 0 [Note] InnoDB: Creating shared tablespace for temporary tables
2023-03-22 11:09:01 0 [Note] InnoDB: Setting file '\XAMPP\mysql\data\ibtmp1' size to 12 MB. Physically writing the file full; Please wait ...
2023-03-22 11:09:01 0 [Note] InnoDB: File '\XAMPP\mysql\data\ibtmp1' size is now 12 MB.
2023-03-22 11:09:01 0 [Note] InnoDB: Waiting for purge to start
2023-03-22 11:09:02 0 [Note] InnoDB: 10.4.11 started; log sequence number 312501; transaction id 329
2023-03-22 11:09:02 0 [Note] Plugin 'FEEDBACK' is disabled.
2023-03-22 11:09:02 0 [Note] InnoDB: Loading buffer pool(s) from D:\XAMPP\mysql\data\ib_buffer_pool
2023-03-22 11:09:02 0 [Note] Server socket created on IP: '::'.
