InnoDB: using atomic writes.
2023-03-22 11:12:19 0 [Note] InnoDB: Mutexes and rw_locks use Windows interlocked functions
2023-03-22 11:12:19 0 [Note] InnoDB: Uses event mutexes
2023-03-22 11:12:19 0 [Note] InnoDB: Compressed tables use zlib 1.2.11
2023-03-22 11:12:19 0 [Note] InnoDB: Number of pools: 1
2023-03-22 11:12:19 0 [Note] InnoDB: Using generic crc32 instructions
2023-03-22 11:12:19 0 [Note] InnoDB: Initializing buffer pool, total size = 16M, instances = 1, chunk size = 16M
2023-03-22 11:12:19 0 [Note] InnoDB: Completed initialization of buffer pool
2023-03-22 11:12:19 0 [Note] InnoDB: Starting crash recovery from checkpoint LSN=300288
2023-03-22 11:12:19 0 [Warning] InnoDB: Are you sure you are using the right ib_logfiles to start up the database? Log sequence number in the ib_logfiles is 300288, less than the log sequence number in the first system tablespace file header, 312510.
2023-03-22 11:12:19 0 [ERROR] InnoDB: Page [page id: space=0, page number=6] log sequence number 301121 is in the future! Current system log sequence number 300306.
2023-03-22 11:12:19 0 [ERROR] InnoDB: Your database may be corrupt or you may have copied the InnoDB tablespace but not the InnoDB log files. Please refer to https://mariadb.com/kb/en/library/innodb-recovery-modes/ for information about forcing recovery.
2023-03-22 11:12:19 0 [ERROR] InnoDB: Page [page id: space=0, page number=301] log sequence number 301121 is in the future! Current system log sequence number 300306.
2023-03-22 11:12:19 0 [ERROR] InnoDB: Your database may be corrupt or you may have copied the InnoDB tablespace but not the InnoDB log files. Please refer to https://mariadb.com/kb/en/library/innodb-recovery-modes/ for information about forcing recovery.
2023-03-22 11:12:19 0 [ERROR] InnoDB: Page [page id: space=0, page number=45] log sequence number 301160 is in the future! Current system log sequence number 300306.
2023-03-22 11:12:19 0 [ERROR] InnoDB: Your database may be corrupt or you may have copied the InnoDB tablespace but not the InnoDB log files. Please refer to https://mariadb.com/kb/en/library/innodb-recovery-modes/ for information about forcing recovery.
2023-03-22 11:12:19 0 [ERROR] InnoDB: Page [page id: space=0, page number=306] log sequence number 301160 is in the future! Current system log sequence number 300306.
2023-03-22 11:12:19 0 [ERROR] InnoDB: Your database may be corrupt or you may have copied the InnoDB tablespace but not the InnoDB log files. Please refer to https://mariadb.com/kb/en/library/innodb-recovery-modes/ for information about forcing recovery.
2023-03-22 11:12:19 0 [ERROR] InnoDB: Page [page id: space=0, page number=46] log sequence number 301199 is in the future! Current system log sequence number 300306.
2023-03-22 11:12:19 0 [ERROR] InnoDB: Your database may be corrupt or you may have copied the InnoDB tablespace but not the InnoDB log files. Please refer to https://mariadb.com/kb/en/library/innodb-recovery-modes/ for information about forcing recovery.
2023-03-22 11:12:19 0 [ERROR] InnoDB: Page [page id: space=0, page number=309] log sequence number 301199 is in the future! Current system log sequence number 300306.
2023-03-22 11:12:19 0 [ERROR] InnoDB: Your database may be corrupt or you may have copied the InnoDB tablespace but not the InnoDB log files. Please refer to https://mariadb.com/kb/en/library/innodb-recovery-modes/ for information about forcing recovery.
2023-03-22 11:12:19 0 [ERROR] InnoDB: Page [page id: space=0, page number=47] log sequence number 301277 is in the future! Current system log sequence number 300306.
2023-03-22 11:12:19 0 [ERROR] InnoDB: Your database may be corrupt or you may have copied the InnoDB tablespace but not the InnoDB log files. Please refer to https://mariadb.com/kb/en/library/innodb-recovery-modes/ for information about forcing recovery.
2023-03-22 11:12:19 0 [ERROR] InnoDB: Page [page id: space=0, page number=311] log sequence number 301277 is in the future! Current system log sequence number 300306.
2023-03-22 11:12:19 0 [ERROR] InnoDB: Your database may be corrupt or you may have copied the InnoDB tablespace but not the InnoDB log files. Please refer to https://mariadb.com/kb/en/library/innodb-recovery-modes/ for information about forcing recovery.
2023-03-22 11:12:19 0 [ERROR] InnoDB: Page [page id: space=0, page number=48] log sequence number 301355 is in the future! Current system log sequence number 300306.
2023-03-22 11:12:19 0 [ERROR] InnoDB: Your database may be corrupt or you may have copied the InnoDB tablespace but not the InnoDB log files. Please refer to https://mariadb.com/kb/en/library/innodb-recovery-modes/ for information about forcing recovery.
2023-03-22 11:12:19 0 [ERROR] InnoDB: Page [page id: space=0, page number=312] log sequence number 301355 is in the future! Current system log sequence number 300306.
2023-03-22 11:12:19 0 [ERROR] InnoDB: Your database may be corrupt or you may have copied the InnoDB tablespace but not the InnoDB log files. Please refer to https://mariadb.com/kb/en/library/innodb-recovery-modes/ for information about forcing recovery.
2023-03-22 11:12:19 0 [ERROR] InnoDB: Page [page id: space=0, page number=49] log sequence number 301433 is in the future! Current system log sequence number 300306.
2023-03-22 11:12:19 0 [ERROR] InnoDB: Your database may be corrupt or you may have copied the InnoDB tablespace but not the InnoDB log files. Please refer to https://mariadb.com/kb/en/library/innodb-recovery-modes/ for information about forcing recovery.
2023-03-22 11:12:19 0 [ERROR] InnoDB: Page [page id: space=0, page number=313] log sequence number 301433 is in the future! Current system log sequence number 300306.
2023-03-22 11:12:19 0 [ERROR] InnoDB: Your database may be corrupt or you may have copied the InnoDB tablespace but not the InnoDB log files. Please refer to https://mariadb.com/kb/en/library/innodb-recovery-modes/ for information about forcing recovery.
2023-03-22 11:12:19 0 [ERROR] InnoDB: Page [page id: space=0, page number=50] log sequence number 307321 is in the future! Current system log sequence number 300306.
2023-03-22 11:12:19 0 [ERROR] InnoDB: Your database may be corrupt or you may have copied the InnoDB tablespace but not the InnoDB log files. Please refer to https://mariadb.com/kb/en/library/innodb-recovery-modes/ for information about forcing recovery.
2023-03-22 11:12:19 0 [ERROR] InnoDB: Page [page id: space=0, page number=314] log sequence number 307321 is in the future! Current system log sequence number 300306.
2023-03-22 11:12:19 0 [ERROR] InnoDB: Your database may be corrupt or you may have copied the InnoDB tablespace but not the InnoDB log files. Please refer to https://mariadb.com/kb/en/library/innodb-recovery-modes/ for information about forcing recovery.
2023-03-22 11:12:19 0 [ERROR] InnoDB: Page [page id: space=0, page number=51] log sequence number 305272 is in the future! Current system log sequence number 300306.
2023-03-22 11:12:19 0 [ERROR] InnoDB: Your database may be corrupt or you may have copied the InnoDB tablespace but not the InnoDB log files. Please refer to https://mariadb.com/kb/en/library/innodb-recovery-modes/ for information about forcing recovery.
2023-03-22 11:12:19 0 [ERROR] InnoDB: Page [page id: space=0, page number=315] log sequence number 305272 is in the future! Current system log sequence number 300306.
2023-03-22 11:12:19 0 [ERROR] InnoDB: Your database may be corrupt or you may have copied the InnoDB tablespace but not the InnoDB log files. Please refer to https://mariadb.com/kb/en/library/innodb-recovery-modes/ for information about forcing recovery.
2023-03-22 11:12:19 0 [ERROR] InnoDB: Page [page id: space=0, page number=52] log sequence number 301722 is in the future! Current system log sequence number 300306.
2023-03-22 11:12:19 0 [ERROR] InnoDB: Your database may be corrupt or you may have copied the InnoDB tablespace but not the InnoDB log files. Please refer to https://mariadb.com/kb/en/library/innodb-recovery-modes/ for information about forcing recovery.
2023-03-22 11:12:19 0 [ERROR] InnoDB: Page [page id: space=0, page number=316] log sequence number 301722 is in the future! Current system log sequence number 300306.
2023-03-22 11:12:19 0 [ERROR] InnoDB: Your database may be corrupt or you may have copied the InnoDB tablespace but not the InnoDB log files. Please refer to https://mariadb.com/kb/en/library/innodb-recovery-modes/ for information about forcing recovery.
2023-03-22 11:12:19 0 [ERROR] InnoDB: Page [page id: space=0, page number=53] log sequence number 301761 is in the future! Current system log sequence number 300306.
2023-03-22 11:12:19 0 [ERROR] InnoDB: Your database may be corrupt or you may have copied the InnoDB tablespace but not the InnoDB log files. Please refer to https://mariadb.com/kb/en/library/innodb-recovery-modes/ for information about forcing recovery.
2023-03-22 11:12:19 0 [ERROR] InnoDB: Page [page id: space=0, page number=317] log sequence number 301761 is in the future! Current system log sequence number 300306.
2023-03-22 11:12:19 0 [ERROR] InnoDB: Your database may be corrupt or you may have copied the InnoDB tablespace but not the InnoDB log files. Please refer to https://mariadb.com/kb/en/library/innodb-recovery-modes/ for information about forcing recovery.
2023-03-22 11:12:19 0 [ERROR] InnoDB: Page [page id: space=0, page number=54] log sequence number 301800 is in the future! Current system log sequence number 300306.
2023-03-22 11:12:19 0 [ERROR] InnoDB: Your database may be corrupt or you may have copied the InnoDB tablespace but not the InnoDB log files. Please refer to https://mariadb.com/kb/en/library/innodb-recovery-modes/ for information about forcing recovery.
2023-03-22 11:12:19 0 [ERROR] InnoDB: Page [page id: space=0, page number=318] log sequence number 301800 is in the future! Current system log sequence number 300306.
2023-03-22 11:12:19 0 [ERROR] InnoDB: Your database may be corrupt or you may have copied the InnoDB tablespace but not the InnoDB log files. Please refer to https://mariadb.com/kb/en/library/innodb-recovery-modes/ for information about forcing recovery.
2023-03-22 11:12:19 0 [ERROR] InnoDB: Page [page id: space=0, page number=55] log sequence number 301839 is in the future! Current system log sequence number 300306.
2023-03-22 11:12:19 0 [ERROR] InnoDB: Your database may be corrupt or you may have copied the InnoDB tablespace but not the InnoDB log files. Please refer to https://mariadb.com/kb/en/library/innodb-recovery-modes/ for information about forcing recovery.
2023-03-22 11:12:19 0 [ERROR] InnoDB: Page [page id: space=0, page number=319] log sequence number 301839 is in the future! Current system log sequence number 300306.
2023-03-22 11:12:19 0 [ERROR] InnoDB: Your database may be corrupt or you may have copied the InnoDB tablespace but not the InnoDB log files. Please refer to https://mariadb.com/kb/en/library/innodb-recovery-modes/ for information about forcing recovery.
2023-03-22 11:12:19 0 [ERROR] InnoDB: Page [page id: space=0, page number=56] log sequence number 301878 is in the future! Current system log sequence number 300306.
2023-03-22 11:12:19 0 [ERROR] InnoDB: Your database may be corrupt or you may have copied the InnoDB tablespace but not the InnoDB log files. Please refer to https://mariadb.com/kb/en/library/innodb-recovery-modes/ for information about forcing recovery.
2023-03-22 11:12:19 0 [ERROR] InnoDB: Page [page id: space=0, page number=320] log sequence number 301878 is in the future! Current system log sequence number 300306.
2023-03-22 11:12:19 0 [ERROR] InnoDB: Your database may be corrupt or you may have copied the InnoDB tablespace but not the InnoDB log files. Please refer to https://mariadb.com/kb/en/library/innodb-recovery-modes/ for information about forcing recovery.
2023-03-22 11:12:19 0 [ERROR] InnoDB: Page [page id: space=0, page number=57] log sequence number 301917 is in the future! Current system log sequence number 300306.
2023-03-22 11:12:19 0 [ERROR] InnoDB: Your database may be corrupt or you may have copied the InnoDB tablespace but not the InnoDB log files. Please refer to https://mariadb.com/kb/en/library/innodb-recovery-modes/ for information about forcing recovery.
2023-03-22 11:12:19 0 [ERROR] InnoDB: Page [page id: space=0, page number=321] log sequence number 301917 is in the future! Current system log sequence number 300306.
2023-03-22 11:12:19 0 [ERROR] InnoDB: Your database may be corrupt or you may have copied the InnoDB tablespace but not the InnoDB log files. Please refer to https://mariadb.com/kb/en/library/innodb-recovery-modes/ for information about forcing recovery.
2023-03-22 11:12:19 0 [ERROR] InnoDB: Page [page id: space=0, page number=58] log sequence number 301956 is in the future! Current system log sequence number 300306.
2023-03-22 11:12:19 0 [ERROR] InnoDB: Your database may be corrupt or you may have copied the InnoDB tablespace but not the InnoDB log files. Please refer to https://mariadb.com/kb/en/library/innodb-recovery-modes/ for information about forcing recovery.
2023-03-22 11:12:19 0 [ERROR] InnoDB: Page [page id: space=0, page number=323] log sequence number 301956 is in the future! Current system log sequence number 300306.
2023-03-22 11:12:19 0 [ERROR] InnoDB: Your database may be corrupt or you may have copied the InnoDB tablespace but not the InnoDB log files. Please refer to https://mariadb.com/kb/en/library/innodb-recovery-modes/ for information about forcing recovery.
2023-03-22 11:12:19 0 [ERROR] InnoDB: Page [page id: space=0, page number=59] log sequence number 301995 is in the future! Current system log sequence number 300306.
2023-03-22 11:12:19 0 [ERROR] InnoDB: Your database may be corrupt or you may have copied the InnoDB tablespace but not the InnoDB log files. Please refer to https://mariadb.com/kb/en/library/innodb-recovery-modes/ for information about forcing recovery.
2023-03-22 11:12:19 0 [ERROR] InnoDB: Page [page id: space=0, page number=324] log sequence number 301995 is in the future! Current system log sequence number 300306.
2023-03-22 11:12:19 0 [ERROR] InnoDB: Your database may be corrupt or you may have copied the InnoDB tablespace but not the InnoDB log files. Please refer to https://mariadb.com/kb/en/library/innodb-recovery-modes/ for information about forcing recovery.
2023-03-22 11:12:19 0 [ERROR] InnoDB: Page [page id: space=0, page number=60] log sequence number 302034 is in the future! Current system log sequence number 300306.
2023-03-22 11:12:19 0 [ERROR] InnoDB: Your database may be corrupt or you may have copied the InnoDB tablespace but not the InnoDB log files. Please refer to https://mariadb.com/kb/en/library/innodb-recovery-modes/ for information about forcing recovery.
2023-03-22 11:12:19 0 [ERROR] InnoDB: Page [page id: space=0, page number=325] log sequence number 302034 is in the future! Current system log sequence number 300306.
2023-03-22 11:12:19 0 [ERROR] InnoDB: Your database may be corrupt or you may have copied the InnoDB tablespace but not the InnoDB log files. Please refer to https://mariadb.com/kb/en/library/innodb-recovery-modes/ for information about forcing recovery.
2023-03-22 11:12:19 0 [ERROR] InnoDB: Page [page id: space=0, page number=61] log sequence number 302073 is in the future! Current system log sequence number 300306.
2023-03-22 11:12:19 0 [ERROR] InnoDB: Your database may be corrupt or you may have copied the InnoDB tablespace but not the InnoDB log files. Please refer to https://mariadb.com/kb/en/library/innodb-recovery-modes/ for information about forcing recovery.
2023-03-22 11:12:19 0 [ERROR] InnoDB: Page [page id: space=0, page number=326] log sequence number 302073 is in the future! Current system log sequence number 300306.
2023-03-22 11:12:19 0 [ERROR] InnoDB: Your database may be corrupt or you may have copied the InnoDB tablespace but not the InnoDB log files. Please refer to https://mariadb.com/kb/en/library/innodb-recovery-modes/ for information about forcing recovery.
2023-03-22 11:12:19 0 [ERROR] InnoDB: Page [page id: space=0, page number=62] log sequence number 302128 is in the future! Current system log sequence number 300306.
2023-03-22 11:12:19 0 [ERROR] InnoDB: Your database may be corrupt or you may have copied the InnoDB tablespace but not the InnoDB log files. Please refer to https://mariadb.com/kb/en/library/innodb-recovery-modes/ for information about forcing recovery.
2023-03-22 11:12:19 0 [ERROR] InnoDB: Page [page id: space=0, page number=327] log sequence number 302128 is in the future! Current system log sequence number 300306.
2023-03-22 11:12:19 0 [ERROR] InnoDB: Your database may be corrupt or you may have copied the InnoDB tablespace but not the InnoDB log files. Please refer to https://mariadb.com/kb/en/library/innodb-recovery-modes/ for information about forcing recovery.
2023-03-22 11:12:19 0 [ERROR] InnoDB: Page [page id: space=0, page number=63] log sequence number 302167 is in the future! Current system log sequence number 300306.
2023-03-22 11:12:19 0 [ERROR] InnoDB: Your database may be corrupt or you may have copied the InnoDB tablespace but not the InnoDB log files. Please refer to https://mariadb.com/kb/en/library/innodb-recovery-modes/ for information about forcing recovery.
2023-03-22 11:12:19 0 [ERROR] InnoDB: Page [page id: space=0, page number=328] log sequence number 302167 is in the future! Current system log sequence number 300306.
2023-03-22 11:12:19 0 [ERROR] InnoDB: Your database may be corrupt or you may have copied the InnoDB tablespace but not the InnoDB log files. Please refer to https://mariadb.com/kb/en/library/innodb-recovery-modes/ for information about forcing recovery.
2023-03-22 11:12:19 0 [ERROR] InnoDB: Page [page id: space=0, page number=192] log sequence number 302211 is in the future! Current system log sequence number 300306.
2023-03-22 11:12:19 0 [ERROR] InnoDB: Your database may be corrupt or you may have copied the InnoDB tablespace but not the InnoDB log files. Please refer to https://mariadb.com/kb/en/library/innodb-recovery-modes/ for information about forcing recovery.
2023-03-22 11:12:19 0 [ERROR] InnoDB: Page [page id: space=0, page number=329] log sequence number 302211 is in the future! Current system log sequence number 300306.
2023-03-22 11:12:19 0 [ERROR] InnoDB: Your database may be corrupt or you may have copied the InnoDB tablespace but not the InnoDB log files. Please refer to https://mariadb.com/kb/en/library/innodb-recovery-modes/ for information about forcing recovery.
2023-03-22 11:12:19 0 [ERROR] InnoDB: Page [page id: space=0, page number=193] log sequence number 302255 is in the future! Current system log sequence number 300306.
2023-03-22 11:12:19 0 [ERROR] InnoDB: Your database may be corrupt or you may have copied the InnoDB tablespace but not the InnoDB log files. Please refer to https://mariadb.com/kb/en/library/innodb-recovery-modes/ for information about forcing recovery.
2023-03-22 11:12:19 0 [ERROR] InnoDB: Page [page id: space=0, page number=330] log sequence number 302255 is in the future! Current system log sequence number 300306.
2023-03-22 11:12:19 0 [ERROR] InnoDB: Your database may be corrupt or you may have copied the InnoDB tablespace but not the InnoDB log files. Please refer to https://mariadb.com/kb/en/library/innodb-recovery-modes/ for information about forcing recovery.
2023-03-22 11:12:19 0 [ERROR] InnoDB: Page [page id: space=0, page number=194] log sequence number 307407 is in the future! Current system log sequence number 300306.
2023-03-22 11:12:19 0 [ERROR] InnoDB: Your database may be corrupt or you may have copied the InnoDB tablespace but not the InnoDB log files. Please refer to https://mariadb.com/kb/en/library/innodb-recovery-modes/ for information about forcing recovery.
2023-03-22 11:12:19 0 [ERROR] InnoDB: Page [page id: space=0, page number=331] log sequence number 307407 is in the future! Current system log sequence number 300306.
2023-03-22 11:12:19 0 [ERROR] InnoDB: Your database may be corrupt or you may have copied the InnoDB tablespace but not the InnoDB log files. Please refer to https://mariadb.com/kb/en/library/innodb-recovery-modes/ for information about forcing recovery.
2023-03-22 11:12:19 0 [ERROR] InnoDB: Page [page id: space=0, page number=195] log sequence number 307451 is in the future! Current system log sequence number 300306.
2023-03-22 11:12:19 0 [ERROR] InnoDB: Your database may be corrupt or you may have copied the InnoDB tablespace but not the InnoDB log files. Please refer to https://mariadb.com/kb/en/library/innodb-recovery-modes/ for information about forcing recovery.
2023-03-22 11:12:19 0 [ERROR] InnoDB: Page [page id: space=0, page number=332] log sequence number 307451 is in the future! Current system log sequence number 300306.
2023-03-22 11:12:19 0 [ERROR] InnoDB: Your database may be corrupt or you may have copied the InnoDB tablespace but not the InnoDB log files. Please refer to https://mariadb.com/kb/en/library/innodb-recovery-modes/ for information about forcing recovery.
2023-03-22 11:12:19 0 [ERROR] InnoDB: Page [page id: space=0, page number=196] log sequence number 305316 is in the future! Current system log sequence number 300306.
2023-03-22 11:12:19 0 [ERROR] InnoDB: Your database may be corrupt or you may have copied the InnoDB tablespace but not the InnoDB log files. Please refer to https://mariadb.com/kb/en/library/innodb-recovery-modes/ for information about forcing recovery.
2023-03-22 11:12:19 0 [ERROR] InnoDB: Page [page id: space=0, page number=333] log sequence number 305316 is in the future! Current system log sequence number 300306.
2023-03-22 11:12:19 0 [ERROR] InnoDB: Your database may be corrupt or you may have copied the InnoDB tablespace but not the InnoDB log files. Please refer to https://mariadb.com/kb/en/library/innodb-recovery-modes/ for information about forcing recovery.
2023-03-22 11:12:19 0 [ERROR] InnoDB: Page [page id: space=0, page number=197] log sequence number 302515 is in the future! Current system log sequence number 300306.
2023-03-22 11:12:19 0 [ERROR] InnoDB: Your database may be corrupt or you may have copied the InnoDB tablespace but not the InnoDB log files. Please refer to https://mariadb.com/kb/en/library/innodb-recovery-modes/ for information about forcing recovery.
2023-03-22 11:12:19 0 [ERROR] InnoDB: Page [page id: space=0, page number=334] log sequence number 302515 is in the future! Current system log sequence number 300306.
2023-03-22 11:12:19 0 [ERROR] InnoDB: Your database may be corrupt or you may have copied the InnoDB tablespace but not the InnoDB log files. Please refer to https://mariadb.com/kb/en/library/innodb-recovery-modes/ for information about forcing recovery.
2023-03-22 11:12:19 0 [ERROR] InnoDB: Page [page id: space=0, page number=198] log sequence number 307495 is in the future! Current system log sequence number 300306.
2023-03-22 11:12:19 0 [ERROR] InnoDB: Your database may be corrupt or you may have copied the InnoDB tablespace but not the InnoDB log files. Please refer to https://mariadb.com/kb/en/library/innodb-recovery-modes/ for information about forcing recovery.
2023-03-22 11:12:19 0 [ERROR] InnoDB: Page [page id: space=0, page number=335] log sequence number 307495 is in the future! Current system log sequence number 300306.
2023-03-22 11:12:19 0 [ERROR] InnoDB: Your database may be corrupt or you may have copied the InnoDB tablespace but not the InnoDB log files. Please refer to https://mariadb.com/kb/en/library/innodb-recovery-modes/ for information about forcing recovery.
2023-03-22 11:12:19 0 [ERROR] InnoDB: Page [page id: space=0, page number=199] log sequence number 307539 is in the future! Current system log sequence number 300306.
2023-03-22 11:12:19 0 [ERROR] InnoDB: Your database may be corrupt or you may have copied the InnoDB tablespace but not the InnoDB log files. Please refer to https://mariadb.com/kb/en/library/innodb-recovery-modes/ for information about forcing recovery.
2023-03-22 11:12:19 0 [ERROR] InnoDB: Page [page id: space=0, page number=336] log sequence number 307539 is in the future! Current system log sequence number 300306.
2023-03-22 11:12:19 0 [ERROR] InnoDB: Your database may be corrupt or you may have copied the InnoDB tablespace but not the InnoDB log files. Please refer to https://mariadb.com/kb/en/library/innodb-recovery-modes/ for information about forcing recovery.
2023-03-22 11:12:19 0 [ERROR] InnoDB: Page [page id: space=0, page number=200] log sequence number 307993 is in the future! Current system log sequence number 300306.
2023-03-22 11:12:19 0 [ERROR] InnoDB: Your database may be corrupt or you may have copied the InnoDB tablespace but not the InnoDB log files. Please refer to https://mariadb.com/kb/en/library/innodb-recovery-modes/ for information about forcing recovery.
2023-03-22 11:12:19 0 [ERROR] InnoDB: Page [page id: space=0, page number=337] log sequence number 307993 is in the future! Current system log sequence number 300306.
2023-03-22 11:12:19 0 [ERROR] InnoDB: Your database may be corrupt or you may have copied the InnoDB tablespace but not the InnoDB log files. Please refer to https://mariadb.com/kb/en/library/innodb-recovery-modes/ for information about forcing recovery.
2023-03-22 11:12:19 0 [ERROR] InnoDB: Page [page id: space=0, page number=201] log sequence number 311875 is in the future! Current system log sequence number 300306.
2023-03-22 11:12:19 0 [ERROR] InnoDB: Your database may be corrupt or you may have copied the InnoDB tablespace but not the InnoDB log files. Please refer to https://mariadb.com/kb/en/library/innodb-recovery-modes/ for information about forcing recovery.
2023-03-22 11:12:19 0 [ERROR] InnoDB: Page [page id: space=0, page number=338] log sequence number 311875 is in the future! Current system log sequence number 300306.
2023-03-22 11:12:19 0 [ERROR] InnoDB: Your database may be corrupt or you may have copied the InnoDB tablespace but not the InnoDB log files. Please refer to https://mariadb.com/kb/en/library/innodb-recovery-modes/ for information about forcing recovery.
2023-03-22 11:12:19 0 [ERROR] InnoDB: Page [page id: space=0, page number=202] log sequence number 311919 is in the future! Current system log sequence number 300306.
2023-03-22 11:12:19 0 [ERROR] InnoDB: Your database may be corrupt or you may have copied the InnoDB tablespace but not the InnoDB log files. Please refer to https://mariadb.com/kb/en/library/innodb-recovery-modes/ for information about forcing recovery.
2023-03-22 11:12:19 0 [ERROR] InnoDB: Page [page id: space=0, page number=339] log sequence number 311919 is in the future! Current system log sequence number 300306.
2023-03-22 11:12:19 0 [ERROR] InnoDB: Your database may be corrupt or you may have copied the InnoDB tablespace but not the InnoDB log files. Please refer to https://mariadb.com/kb/en/library/innodb-recovery-modes/ for information about forcing recovery.
2023-03-22 11:12:19 0 [ERROR] InnoDB: Page [page id: space=0, page number=203] log sequence number 311963 is in the future! Current system log sequence number 300306.
2023-03-22 11:12:19 0 [ERROR] InnoDB: Your database may be corrupt or you may have copied the InnoDB tablespace but not the InnoDB log files. Please refer to https://mariadb.com/kb/en/library/innodb-recovery-modes/ for information about forcing recovery.
2023-03-22 11:12:19 0 [ERROR] InnoDB: Page [page id: space=0, page number=340] log sequence number 311963 is in the future! Current system log sequence number 300306.
2023-03-22 11:12:19 0 [ERROR] InnoDB: Your database may be corrupt or you may have copied the InnoDB tablespace but not the InnoDB log files. Please refer to https://mariadb.com/kb/en/library/innodb-recovery-modes/ for information about forcing recovery.
2023-03-22 11:12:19 0 [ERROR] InnoDB: Page [page id: space=0, page number=204] log sequence number 312007 is in the future! Current system log sequence number 300306.
2023-03-22 11:12:19 0 [ERROR] InnoDB: Your database may be corrupt or you may have copied the InnoDB tablespace but not the InnoDB log files. Please refer to https://mariadb.com/kb/en/library/innodb-recovery-modes/ for information about forcing recovery.
2023-03-22 11:12:19 0 [ERROR] InnoDB: Page [page id: space=0, page number=341] log sequence number 312007 is in the future! Current system log sequence number 300306.
2023-03-22 11:12:19 0 [ERROR] InnoDB: Your database may be corrupt or you may have copied the InnoDB tablespace but not the InnoDB log files. Please refer to https://mariadb.com/kb/en/library/innodb-recovery-modes/ for information about forcing recovery.
2023-03-22 11:12:19 0 [ERROR] InnoDB: Page [page id: space=0, page number=205] log sequence number 312051 is in the future! Current system log sequence number 300306.
2023-03-22 11:12:19 0 [ERROR] InnoDB: Your database may be corrupt or you may have copied the InnoDB tablespace but not the InnoDB log files. Please refer to https://mariadb.com/kb/en/library/innodb-recovery-modes/ for information about forcing recovery.
2023-03-22 11:12:19 0 [ERROR] InnoDB: Page [page id: space=0, page number=342] log sequence number 312051 is in the future! Current system log sequence number 300306.
2023-03-22 11:12:19 0 [ERROR] InnoDB: Your database may be corrupt or you may have copied the InnoDB tablespace but not the InnoDB log files. Please refer to https://mariadb.com/kb/en/library/innodb-recovery-modes/ for information about forcing recovery.
2023-03-22 11:12:19 0 [ERROR] InnoDB: Page [page id: space=0, page number=206] log sequence number 312095 is in the future! Current system log sequence number 300306.
2023-03-22 11:12:19 0 [ERROR] InnoDB: Your database may be corrupt or you may have copied the InnoDB tablespace but not the InnoDB log files. Please refer to https://mariadb.com/kb/en/library/innodb-recovery-modes/ for information about forcing recovery.
2023-03-22 11:12:19 0 [ERROR] InnoDB: Page [page id: space=0, page number=343] log sequence number 312095 is in the future! Current system log sequence number 300306.
2023-03-22 11:12:19 0 [ERROR] InnoDB: Your database may be corrupt or you may have copied the InnoDB tablespace but not the InnoDB log files. Please refer to https://mariadb.com/kb/en/library/innodb-recovery-modes/ for information about forcing recovery.
2023-03-22 11:12:19 0 [ERROR] InnoDB: Page [page id: space=0, page number=207] log sequence number 312139 is in the future! Current system log sequence number 300306.
2023-03-22 11:12:19 0 [ERROR] InnoDB: Your database may be corrupt or you may have copied the InnoDB tablespace but not the InnoDB log files. Please refer to https://mariadb.com/kb/en/library/innodb-recovery-modes/ for information about forcing recovery.
2023-03-22 11:12:19 0 [ERROR] InnoDB: Page [page id: space=0, page number=344] log sequence number 312139 is in the future! Current system log sequence number 300306.
2023-03-22 11:12:19 0 [ERROR] InnoDB: Your database may be corrupt or you may have copied the InnoDB tablespace but not the InnoDB log files. Please refer to https://mariadb.com/kb/en/library/innodb-recovery-modes/ for information about forcing recovery.
2023-03-22 11:12:19 0 [ERROR] InnoDB: Page [page id: space=0, page number=208] log sequence number 312380 is in the future! Current system log sequence number 300306.
2023-03-22 11:12:19 0 [ERROR] InnoDB: Your database may be corrupt or you may have copied the InnoDB tablespace but not the InnoDB log files. Please refer to https://mariadb.com/kb/en/library/innodb-recovery-modes/ for information about forcing recovery.
2023-03-22 11:12:19 0 [ERROR] InnoDB: Page [page id: space=0, page number=345] log sequence number 312380 is in the future! Current system log sequence number 300306.
2023-03-22 11:12:19 0 [ERROR] InnoDB: Your database may be corrupt or you may have copied the InnoDB tablespace but not the InnoDB log files. Please refer to https://mariadb.com/kb/en/library/innodb-recovery-modes/ for information about forcing recovery.
2023-03-22 11:12:19 0 [ERROR] InnoDB: Page [page id: space=0, page number=209] log sequence number 303059 is in the future! Current system log sequence number 300306.
2023-03-22 11:12:19 0 [ERROR] InnoDB: Your database may be corrupt or you may have copied the InnoDB tablespace but not the InnoDB log files. Please refer to https://mariadb.com/kb/en/library/innodb-recovery-modes/ for information about forcing recovery.
2023-03-22 11:12:19 0 [ERROR] InnoDB: Page [page id: space=0, page number=346] log sequence number 303059 is in the future! Current system log sequence number 300306.
2023-03-22 11:12:19 0 [ERROR] InnoDB: Your database may be corrupt or you may have copied the InnoDB tablespace but not the InnoDB log files. Please refer to https://mariadb.com/kb/en/library/innodb-recovery-modes/ for information about forcing recovery.
2023-03-22 11:12:19 0 [ERROR] InnoDB: Page [page id: space=0, page number=210] log sequence number 303119 is in the future! Current system log sequence number 300306.
2023-03-22 11:12:19 0 [ERROR] InnoDB: Your database may be corrupt or you may have copied the InnoDB tablespace but not the InnoDB log files. Please refer to https://mariadb.com/kb/en/library/innodb-recovery-modes/ for information about forcing recovery.
2023-03-22 11:12:19 0 [ERROR] InnoDB: Page [page id: space=0, page number=347] log sequence number 303119 is in the future! Current system log sequence number 300306.
2023-03-22 11:12:19 0 [ERROR] InnoDB: Your database may be corrupt or you may have copied the InnoDB tablespace but not the InnoDB log files. Please refer to https://mariadb.com/kb/en/library/innodb-recovery-modes/ for information about forcing recovery.
2023-03-22 11:12:19 0 [ERROR] InnoDB: Page [page id: space=0, page number=211] log sequence number 303163 is in the future! Current system log sequence number 300306.
2023-03-22 11:12:19 0 [ERROR] InnoDB: Your database may be corrupt or you may have copied the InnoDB tablespace but not the InnoDB log files. Please refer to https://mariadb.com/kb/en/library/innodb-recovery-modes/ for information about forcing recovery.
2023-03-22 11:12:19 0 [ERROR] InnoDB: Page [page id: space=0, page number=348] log sequence number 303163 is in the future! Current system log sequence number 300306.
2023-03-22 11:12:19 0 [ERROR] InnoDB: Your database may be corrupt or you may have copied the InnoDB tablespace but not the InnoDB log files. Please refer to https://mariadb.com/kb/en/library/innodb-recovery-modes/ for information about forcing recovery.
2023-03-22 11:12:19 0 [ERROR] InnoDB: Page [page id: space=0, page number=212] log sequence number 303207 is in the future! Current system log sequence number 300306.
2023-03-22 11:12:19 0 [ERROR] InnoDB: Your database may be corrupt or you may have copied the InnoDB tablespace but not the InnoDB log files. Please refer to https://mariadb.com/kb/en/library/innodb-recovery-modes/ for information about forcing recovery.
2023-03-22 11:12:19 0 [ERROR] InnoDB: Page [page id: space=0, page number=349] log sequence number 303207 is in the future! Current system log sequence number 300306.
2023-03-22 11:12:19 0 [ERROR] InnoDB: Your database may be corrupt or you may have copied the InnoDB tablespace but not the InnoDB log files. Please refer to https://mariadb.com/kb/en/library/innodb-recovery-modes/ for information about forcing recovery.
2023-03-22 11:12:19 0 [ERROR] InnoDB: Page [page id: space=0, page number=213] log sequence number 303251 is in the future! Current system log sequence number 300306.
2023-03-22 11:12:19 0 [ERROR] InnoDB: Your database may be corrupt or you may have copied the InnoDB tablespace but not the InnoDB log files. Please refer to https://mariadb.com/kb/en/library/innodb-recovery-modes/ for information about forcing recovery.
2023-03-22 11:12:19 0 [ERROR] InnoDB: Page [page id: space=0, page number=350] log sequence number 303251 is in the future! Current system log sequence number 300306.
2023-03-22 11:12:19 0 [ERROR] InnoDB: Your database may be corrupt or you may have copied the InnoDB tablespace but not the InnoDB log files. Please refer to https://mariadb.com/kb/en/library/innodb-recovery-modes/ for information about forcing recovery.
2023-03-22 11:12:19 0 [ERROR] InnoDB: Page [page id: space=0, page number=214] log sequence number 303295 is in the future! Current system log sequence number 300306.
2023-03-22 11:12:19 0 [ERROR] InnoDB: Your database may be corrupt or you may have copied the InnoDB tablespace but not the InnoDB log files. Please refer to https://mariadb.com/kb/en/library/innodb-recovery-modes/ for information about forcing recovery.
2023-03-22 11:12:19 0 [ERROR] InnoDB: Page [page id: space=0, page number=351] log sequence number 303295 is in the future! Current system log sequence number 300306.
2023-03-22 11:12:19 0 [ERROR] InnoDB: Your database may be corrupt or you may have copied the InnoDB tablespace but not the InnoDB log files. Please refer to https://mariadb.com/kb/en/library/innodb-recovery-modes/ for information about forcing recovery.
2023-03-22 11:12:19 0 [ERROR] InnoDB: Page [page id: space=0, page number=215] log sequence number 303339 is in the future! Current system log sequence number 300306.
2023-03-22 11:12:19 0 [ERROR] InnoDB: Your database may be corrupt or you may have copied the InnoDB tablespace but not the InnoDB log files. Please refer to https://mariadb.com/kb/en/library/innodb-recovery-modes/ for information about forcing recovery.
2023-03-22 11:12:20 0 [ERROR] InnoDB: Page [page id: space=0, page number=352] log sequence number 303339 is in the future! Current system log sequence number 300306.
2023-03-22 11:12:20 0 [ERROR] InnoDB: Your database may be corrupt or you may have copied the InnoDB tablespace but not the InnoDB log files. Please refer to https://mariadb.com/kb/en/library/innodb-recovery-modes/ for information about forcing recovery.
2023-03-22 11:12:20 0 [ERROR] InnoDB: Page [page id: space=0, page number=216] log sequence number 303383 is in the future! Current system log sequence number 300306.
2023-03-22 11:12:20 0 [ERROR] InnoDB: Your database may be corrupt or you may have copied the InnoDB tablespace but not the InnoDB log files. Please refer to https://mariadb.com/kb/en/library/innodb-recovery-modes/ for information about forcing recovery.
2023-03-22 11:12:20 0 [ERROR] InnoDB: Page [page id: space=0, page number=353] log sequence number 303383 is in the future! Current system log sequence number 300306.
2023-03-22 11:12:20 0 [ERROR] InnoDB: Your database may be corrupt or you may have copied the InnoDB tablespace but not the InnoDB log files. Please refer to https://mariadb.com/kb/en/library/innodb-recovery-modes/ for information about forcing recovery.
2023-03-22 11:12:20 0 [ERROR] InnoDB: Page [page id: space=0, page number=217] log sequence number 303427 is in the future! Current system log sequence number 300306.
2023-03-22 11:12:20 0 [ERROR] InnoDB: Your database may be corrupt or you may have copied the InnoDB tablespace but not the InnoDB log files. Please refer to https://mariadb.com/kb/en/library/innodb-recovery-modes/ for information about forcing recovery.
2023-03-22 11:12:20 0 [ERROR] InnoDB: Page [page id: space=0, page number=354] log sequence number 303427 is in the future! Current system log sequence number 300306.
2023-03-22 11:12:20 0 [ERROR] InnoDB: Your database may be corrupt or you may have copied the InnoDB tablespace but not the InnoDB log files. Please refer to https://mariadb.com/kb/en/library/innodb-recovery-modes/ for information about forcing recovery.
2023-03-22 11:12:20 0 [ERROR] InnoDB: Page [page id: space=0, page number=218] log sequence number 303471 is in the future! Current system log sequence number 300306.
2023-03-22 11:12:20 0 [ERROR] InnoDB: Your database may be corrupt or you may have copied the InnoDB tablespace but not the InnoDB log files. Please refer to https://mariadb.com/kb/en/library/innodb-recovery-modes/ for information about forcing recovery.
2023-03-22 11:12:20 0 [ERROR] InnoDB: Page [page id: space=0, page number=355] log sequence number 303471 is in the future! Current system log sequence number 300306.
2023-03-22 11:12:20 0 [ERROR] InnoDB: Your database may be corrupt or you may have copied the InnoDB tablespace but not the InnoDB log files. Please refer to https://mariadb.com/kb/en/library/innodb-recovery-modes/ for information about forcing recovery.
2023-03-22 11:12:20 0 [ERROR] InnoDB: Page [page id: space=0, page number=219] log sequence number 303515 is in the future! Current system log sequence number 300306.
2023-03-22 11:12:20 0 [ERROR] InnoDB: Your database may be corrupt or you may have copied the InnoDB tablespace but not the InnoDB log files. Please refer to https://mariadb.com/kb/en/library/innodb-recovery-modes/ for information about forcing recovery.
2023-03-22 11:12:20 0 [ERROR] InnoDB: Page [page id: space=0, page number=356] log sequence number 303515 is in the future! Current system log sequence number 300306.
2023-03-22 11:12:20 0 [ERROR] InnoDB: Your database may be corrupt or you may have copied the InnoDB tablespace but not the InnoDB log files. Please refer to https://mariadb.com/kb/en/library/innodb-recovery-modes/ for information about forcing recovery.
2023-03-22 11:12:20 0 [ERROR] InnoDB: Page [page id: space=0, page number=220] log sequence number 303559 is in the future! Current system log sequence number 300306.
2023-03-22 11:12:20 0 [ERROR] InnoDB: Your database may be corrupt or you may have copied the InnoDB tablespace but not the InnoDB log files. Please refer to https://mariadb.com/kb/en/library/innodb-recovery-modes/ for information about forcing recovery.
2023-03-22 11:12:20 0 [ERROR] InnoDB: Page [page id: space=0, page number=357] log sequence number 303559 is in the future! Current system log sequence number 300306.
2023-03-22 11:12:20 0 [ERROR] InnoDB: Your database may be corrupt or you may have copied the InnoDB tablespace but not the InnoDB log files. Please refer to https://mariadb.com/kb/en/library/innodb-recovery-modes/ for information about forcing recovery.
2023-03-22 11:12:20 0 [ERROR] InnoDB: Page [page id: space=0, page number=221] log sequence number 303603 is in the future! Current system log sequence number 300306.
2023-03-22 11:12:20 0 [ERROR] InnoDB: Your database may be corrupt or you may have copied the InnoDB tablespace but not the InnoDB log files. Please refer to https://mariadb.com/kb/en/library/innodb-recovery-modes/ for information about forcing recovery.
2023-03-22 11:12:20 0 [ERROR] InnoDB: Page [page id: space=0, page number=358] log sequence number 303603 is in the future! Current system log sequence number 300306.
2023-03-22 11:12:20 0 [ERROR] InnoDB: Your database may be corrupt or you may have copied the InnoDB tablespace but not the InnoDB log files. Please refer to https://mariadb.com/kb/en/library/innodb-recovery-modes/ for information about forcing recovery.
2023-03-22 11:12:20 0 [ERROR] InnoDB: Page [page id: space=0, page number=222] log sequence number 303663 is in the future! Current system log sequence number 300306.
2023-03-22 11:12:20 0 [ERROR] InnoDB: Your database may be corrupt or you may have copied the InnoDB tablespace but not the InnoDB log files. Please refer to https://mariadb.com/kb/en/library/innodb-recovery-modes/ for information about forcing recovery.
2023-03-22 11:12:20 0 [ERROR] InnoDB: Page [page id: space=0, page number=359] log sequence number 303663 is in the future! Current system log sequence number 300306.
2023-03-22 11:12:20 0 [ERROR] InnoDB: Your database may be corrupt or you may have copied the InnoDB tablespace but not the InnoDB log files. Please refer to https://mariadb.com/kb/en/library/innodb-recovery-modes/ for information about forcing recovery.
2023-03-22 11:12:20 0 [ERROR] InnoDB: Page [page id: space=0, page number=223] log sequence number 303707 is in the future! Current system log sequence number 300306.
2023-03-22 11:12:20 0 [ERROR] InnoDB: Your database may be corrupt or you may have copied the InnoDB tablespace but not the InnoDB log files. Please refer to https://mariadb.com/kb/en/library/innodb-recovery-modes/ for information about forcing recovery.
2023-03-22 11:12:20 0 [ERROR] InnoDB: Page [page id: space=0, page number=360] log sequence number 303707 is in the future! Current system log sequence number 300306.
2023-03-22 11:12:20 0 [ERROR] InnoDB: Your database may be corrupt or you may have copied the InnoDB tablespace but not the InnoDB log files. Please refer to https://mariadb.com/kb/en/library/innodb-recovery-modes/ for information about forcing recovery.
2023-03-22 11:12:20 0 [ERROR] InnoDB: Page [page id: space=0, page number=224] log sequence number 303751 is in the future! Current system log sequence number 300306.
2023-03-22 11:12:20 0 [ERROR] InnoDB: Your database may be corrupt or you may have copied the InnoDB tablespace but not the InnoDB log files. Please refer to https://mariadb.com/kb/en/library/innodb-recovery-modes/ for information about forcing recovery.
2023-03-22 11:12:20 0 [ERROR] InnoDB: Page [page id: space=0, page number=361] log sequence number 303751 is in the future! Current system log sequence number 300306.
2023-03-22 11:12:20 0 [ERROR] InnoDB: Your database may be corrupt or you may have copied the InnoDB tablespace but not the InnoDB log files. Please refer to https://mariadb.com/kb/en/library/innodb-recovery-modes/ for information about forcing recovery.
2023-03-22 11:12:20 0 [ERROR] InnoDB: Page [page id: space=0, page number=225] log sequence number 303795 is in the future! Current system log sequence number 300306.
2023-03-22 11:12:20 0 [ERROR] InnoDB: Your database may be corrupt or you may have copied the InnoDB tablespace but not the InnoDB log files. Please refer to https://mariadb.com/kb/en/library/innodb-recovery-modes/ for information about forcing recovery.
2023-03-22 11:12:20 0 [ERROR] InnoDB: Page [page id: space=0, page number=362] log sequence number 303795 is in the future! Current system log sequence number 300306.
2023-03-22 11:12:20 0 [ERROR] InnoDB: Your database may be corrupt or you may have copied the InnoDB tablespace but not the InnoDB log files. Please refer to https://mariadb.com/kb/en/library/innodb-recovery-modes/ for information about forcing recovery.
2023-03-22 11:12:20 0 [ERROR] InnoDB: Page [page id: space=0, page number=226] log sequence number 303839 is in the future! Current system log sequence number 300306.
2023-03-22 11:12:20 0 [ERROR] InnoDB: Your database may be corrupt or you may have copied the InnoDB tablespace but not the InnoDB log files. Please refer to https://mariadb.com/kb/en/library/innodb-recovery-modes/ for information about forcing recovery.
2023-03-22 11:12:20 0 [ERROR] InnoDB: Page [page id: space=0, page number=363] log sequence number 303839 is in the future! Current system log sequence number 300306.
2023-03-22 11:12:20 0 [ERROR] InnoDB: Your database may be corrupt or you may have copied the InnoDB tablespace but not the InnoDB log files. Please refer to https://mariadb.com/kb/en/library/innodb-recovery-modes/ for information about forcing recovery.
2023-03-22 11:12:20 0 [ERROR] InnoDB: Page [page id: space=0, page number=227] log sequence number 303883 is in the future! Current system log sequence number 300306.
2023-03-22 11:12:20 0 [ERROR] InnoDB: Your database may be corrupt or you may have copied the InnoDB tablespace but not the InnoDB log files. Please refer to https://mariadb.com/kb/en/library/innodb-recovery-modes/ for information about forcing recovery.
2023-03-22 11:12:20 0 [ERROR] InnoDB: Page [page id: space=0, page number=364] log sequence number 303883 is in the future! Current system log sequence number 300306.
2023-03-22 11:12:20 0 [ERROR] InnoDB: Your database may be corrupt or you may have copied the InnoDB tablespace but not the InnoDB log files. Please refer to https://mariadb.com/kb/en/library/innodb-recovery-modes/ for information about forcing recovery.
2023-03-22 11:12:20 0 [ERROR] InnoDB: Page [page id: space=0, page number=228] log sequence number 303927 is in the future! Current system log sequence number 300306.
2023-03-22 11:12:20 0 [ERROR] InnoDB: Your database may be corrupt or you may have copied the InnoDB tablespace but not the InnoDB log files. Please refer to https://mariadb.com/kb/en/library/innodb-recovery-modes/ for information about forcing recovery.
2023-03-22 11:12:20 0 [ERROR] InnoDB: Page [page id: space=0, page number=365] log sequence number 303927 is in the future! Current system log sequence number 300306.
2023-03-22 11:12:20 0 [ERROR] InnoDB: Your database may be corrupt or you may have copied the InnoDB tablespace but not the InnoDB log files. Please refer to https://mariadb.com/kb/en/library/innodb-recovery-modes/ for information about forcing recovery.
2023-03-22 11:12:20 0 [ERROR] InnoDB: Page [page id: space=0, page number=229] log sequence number 303971 is in the future! Current system log sequence number 300306.
2023-03-22 11:12:20 0 [ERROR] InnoDB: Your database may be corrupt or you may have copied the InnoDB tablespace but not the InnoDB log files. Please refer to https://mariadb.com/kb/en/library/innodb-recovery-modes/ for information about forcing recovery.
2023-03-22 11:12:20 0 [ERROR] InnoDB: Page [page id: space=0, page number=366] log sequence number 303971 is in the future! Current system log sequence number 300306.
2023-03-22 11:12:20 0 [ERROR] InnoDB: Your database may be corrupt or you may have copied the InnoDB tablespace but not the InnoDB log files. Please refer to https://mariadb.com/kb/en/library/innodb-recovery-modes/ for information about forcing recovery.
2023-03-22 11:12:20 0 [ERROR] InnoDB: Page [page id: space=0, page number=230] log sequence number 304015 is in the future! Current system log sequence number 300306.
2023-03-22 11:12:20 0 [ERROR] InnoDB: Your database may be corrupt or you may have copied the InnoDB tablespace but not the InnoDB log files. Please refer to https://mariadb.com/kb/en/library/innodb-recovery-modes/ for information about forcing recovery.
2023-03-22 11:12:20 0 [ERROR] InnoDB: Page [page id: space=0, page number=367] log sequence number 304015 is in the future! Current system log sequence number 300306.
2023-03-22 11:12:20 0 [ERROR] InnoDB: Your database may be corrupt or you may have copied the InnoDB tablespace but not the InnoDB log files. Please refer to https://mariadb.com/kb/en/library/innodb-recovery-modes/ for information about forcing recovery.
2023-03-22 11:12:20 0 [ERROR] InnoDB: Page [page id: space=0, page number=231] log sequence number 304059 is in the future! Current system log sequence number 300306.
2023-03-22 11:12:20 0 [ERROR] InnoDB: Your database may be corrupt or you may have copied the InnoDB tablespace but not the InnoDB log files. Please refer to https://mariadb.com/kb/en/library/innodb-recovery-modes/ for information about forcing recovery.
2023-03-22 11:12:20 0 [ERROR] InnoDB: Page [page id: space=0, page number=368] log sequence number 304059 is in the future! Current system log sequence number 300306.
2023-03-22 11:12:20 0 [ERROR] InnoDB: Your database may be corrupt or you may have copied the InnoDB tablespace but not the InnoDB log files. Please refer to https://mariadb.com/kb/en/library/innodb-recovery-modes/ for information about forcing recovery.
2023-03-22 11:12:20 0 [ERROR] InnoDB: Page [page id: space=0, page number=240] log sequence number 304103 is in the future! Current system log sequence number 300306.
2023-03-22 11:12:20 0 [ERROR] InnoDB: Your database may be corrupt or you may have copied the InnoDB tablespace but not the InnoDB log files. Please refer to https://mariadb.com/kb/en/library/innodb-recovery-modes/ for information about forcing recovery.
2023-03-22 11:12:20 0 [ERROR] InnoDB: Page [page id: space=0, page number=369] log sequence number 304103 is in the future! Current system log sequence number 300306.
2023-03-22 11:12:20 0 [ERROR] InnoDB: Your database may be corrupt or you may have copied the InnoDB tablespace but not the InnoDB log files. Please refer to https://mariadb.com/kb/en/library/innodb-recovery-modes/ for information about forcing recovery.
2023-03-22 11:12:20 0 [ERROR] InnoDB: Page [page id: space=0, page number=249] log sequence number 304163 is in the future! Current system log sequence number 300306.
2023-03-22 11:12:20 0 [ERROR] InnoDB: Your database may be corrupt or you may have copied the InnoDB tablespace but not the InnoDB log files. Please refer to https://mariadb.com/kb/en/library/innodb-recovery-modes/ for information about forcing recovery.
2023-03-22 11:12:20 0 [ERROR] InnoDB: Page [page id: space=0, page number=370] log sequence number 304163 is in the future! Current system log sequence number 300306.
2023-03-22 11:12:20 0 [ERROR] InnoDB: Your database may be corrupt or you may have copied the InnoDB tablespace but not the InnoDB log files. Please refer to https://mariadb.com/kb/en/library/innodb-recovery-modes/ for information about forcing recovery.
2023-03-22 11:12:20 0 [ERROR] InnoDB: Page [page id: space=0, page number=250] log sequence number 304207 is in the future! Current system log sequence number 300306.
2023-03-22 11:12:20 0 [ERROR] InnoDB: Your database may be corrupt or you may have copied the InnoDB tablespace but not the InnoDB log files. Please refer to https://mariadb.com/kb/en/library/innodb-recovery-modes/ for information about forcing recovery.
2023-03-22 11:12:20 0 [ERROR] InnoDB: Page [page id: space=0, page number=371] log sequence number 304207 is in the future! Current system log sequence number 300306.
2023-03-22 11:12:20 0 [ERROR] InnoDB: Your database may be corrupt or you may have copied the InnoDB tablespace but not the InnoDB log files. Please refer to https://mariadb.com/kb/en/library/innodb-recovery-modes/ for information about forcing recovery.
2023-03-22 11:12:20 0 [ERROR] InnoDB: Page [page id: space=0, page number=253] log sequence number 304251 is in the future! Current system log sequence number 300306.
2023-03-22 11:12:20 0 [ERROR] InnoDB: Your database may be corrupt or you may have copied the InnoDB tablespace but not the InnoDB log files. Please refer to https://mariadb.com/kb/en/library/innodb-recovery-modes/ for information about forcing recovery.
2023-03-22 11:12:20 0 [ERROR] InnoDB: Page [page id: space=0, page number=372] log sequence number 304251 is in the future! Current system log sequence number 300306.
2023-03-22 11:12:20 0 [ERROR] InnoDB: Your database may be corrupt or you may have copied the InnoDB tablespace but not the InnoDB log files. Please refer to https://mariadb.com/kb/en/library/innodb-recovery-modes/ for information about forcing recovery.
2023-03-22 11:12:20 0 [Note] InnoDB: 128 out of 128 rollback segments are active.
2023-03-22 11:12:20 0 [Note] InnoDB: Removed temporary tablespace data file: "ibtmp1"
2023-03-22 11:12:20 0 [Note] InnoDB: Creating shared tablespace for temporary tables
2023-03-22 11:12:20 0 [Note] InnoDB: Setting file '\XAMPP\mysql\data\ibtmp1' size to 12 MB. Physically writing the file full; Please wait ...
2023-03-22 11:12:20 0 [Note] InnoDB: File '\XAMPP\mysql\data\ibtmp1' size is now 12 MB.
2023-03-22 11:12:20 0 [Note] InnoDB: Waiting for purge to start
2023-03-22 11:12:20 0 [Note] InnoDB: 10.4.11 started; log sequence number 300297; transaction id 329
2023-03-22 11:12:20 0 [Note] Plugin 'FEEDBACK' is disabled.
2023-03-22 11:12:20 0 [Note] InnoDB: Loading buffer pool(s) from D:\XAMPP\mysql\data\ib_buffer_pool
2023-03-22 11:12:20 0 [Note] Server socket created on IP: '::'.
2023-03-29 12:16:21 0 [Note] mysqld.exe: Aria engine: starting recovery
recovered pages: 0% 10% 22% 44% 57% 70% 84% 100% (0.1 seconds); tables to flush: 2 1 0
 (0.0 seconds); 
2023-03-29 12:16:22 0 [Note] mysqld.exe: Aria engine: recovery done
InnoDB: using atomic writes.
2023-03-29 12:16:22 0 [Note] InnoDB: Mutexes and rw_locks use Windows interlocked functions
2023-03-29 12:16:22 0 [Note] InnoDB: Uses event mutexes
2023-03-29 12:16:22 0 [Note] InnoDB: Compressed tables use zlib 1.2.11
2023-03-29 12:16:22 0 [Note] InnoDB: Number of pools: 1
2023-03-29 12:16:22 0 [Note] InnoDB: Using generic crc32 instructions
2023-03-29 12:16:22 0 [Note] InnoDB: Initializing buffer pool, total size = 16M, instances = 1, chunk size = 16M
2023-03-29 12:16:22 0 [Note] InnoDB: Completed initialization of buffer pool
2023-03-29 12:16:22 0 [Note] InnoDB: Starting crash recovery from checkpoint LSN=356412
2023-03-29 12:16:23 0 [Note] InnoDB: 128 out of 128 rollback segments are active.
2023-03-29 12:16:23 0 [Note] InnoDB: Removed temporary tablespace data file: "ibtmp1"
2023-03-29 12:16:23 0 [Note] InnoDB: Creating shared tablespace for temporary tables
2023-03-29 12:16:23 0 [Note] InnoDB: Setting file '\XAMPP\mysql\data\ibtmp1' size to 12 MB. Physically writing the file full; Please wait ...
2023-03-29 12:16:23 0 [Note] InnoDB: File '\XAMPP\mysql\data\ibtmp1' size is now 12 MB.
2023-03-29 12:16:23 0 [Note] InnoDB: Waiting for purge to start
2023-03-29 12:16:23 0 [Note] InnoDB: 10.4.11 started; log sequence number 356421; transaction id 506
2023-03-29 12:16:23 0 [Note] Plugin 'FEEDBACK' is disabled.
2023-03-29 12:16:23 0 [Note] InnoDB: Loading buffer pool(s) from D:\XAMPP\mysql\data\ib_buffer_pool
2023-03-29 12:16:23 0 [Note] Server socket created on IP: '::'.
2023-03-29 12:16:23 0 [ERROR] Can't start server: Bind on TCP/IP port. Got error: 10048: Tylko jedno uycie kadego adresu gniazda (protok/adres sieciowy/port) jest normalnie dozwolone.

2023-03-29 12:16:23 0 [ERROR] Do you already have another mysqld server running on port: 3306 ?
2023-03-29 12:16:23 0 [ERROR] Aborting
InnoDB: using atomic writes.
2023-03-29 12:16:40 0 [Note] InnoDB: Mutexes and rw_locks use Windows interlocked functions
2023-03-29 12:16:40 0 [Note] InnoDB: Uses event mutexes
2023-03-29 12:16:40 0 [Note] InnoDB: Compressed tables use zlib 1.2.11
2023-03-29 12:16:40 0 [Note] InnoDB: Number of pools: 1
2023-03-29 12:16:40 0 [Note] InnoDB: Using generic crc32 instructions
2023-03-29 12:16:40 0 [Note] InnoDB: Initializing buffer pool, total size = 16M, instances = 1, chunk size = 16M
2023-03-29 12:16:40 0 [Note] InnoDB: Completed initialization of buffer pool
2023-03-29 12:16:40 0 [Note] InnoDB: 128 out of 128 rollback segments are active.
2023-03-29 12:16:40 0 [Note] InnoDB: Creating shared tablespace for temporary tables
2023-03-29 12:16:40 0 [Note] InnoDB: Setting file '\XAMPP\mysql\data\ibtmp1' size to 12 MB. Physically writing the file full; Please wait ...
2023-03-29 12:16:40 0 [Note] InnoDB: File '\XAMPP\mysql\data\ibtmp1' size is now 12 MB.
2023-03-29 12:16:40 0 [Note] InnoDB: Waiting for purge to start
2023-03-29 12:16:40 0 [Note] InnoDB: 10.4.11 started; log sequence number 356430; transaction id 506
2023-03-29 12:16:40 0 [Note] Plugin 'FEEDBACK' is disabled.
2023-03-29 12:16:40 0 [Note] InnoDB: Loading buffer pool(s) from D:\XAMPP\mysql\data\ib_buffer_pool
2023-03-29 12:16:40 0 [Note] Server socket created on IP: '::'.
InnoDB: using atomic writes.
2023-04-19 19:33:28 0 [Note] InnoDB: Mutexes and rw_locks use Windows interlocked functions
2023-04-19 19:33:28 0 [Note] InnoDB: Uses event mutexes
2023-04-19 19:33:28 0 [Note] InnoDB: Compressed tables use zlib 1.2.11
2023-04-19 19:33:28 0 [Note] InnoDB: Number of pools: 1
2023-04-19 19:33:28 0 [Note] InnoDB: Using SSE2 crc32 instructions
2023-04-19 19:33:28 0 [Note] InnoDB: Initializing buffer pool, total size = 16M, instances = 1, chunk size = 16M
2023-04-19 19:33:28 0 [Note] InnoDB: Completed initialization of buffer pool
2023-04-19 19:33:28 0 [Note] InnoDB: Starting crash recovery from checkpoint LSN=444001
2023-04-19 19:33:29 0 [Note] InnoDB: 128 out of 128 rollback segments are active.
2023-04-19 19:33:29 0 [Note] InnoDB: Removed temporary tablespace data file: "ibtmp1"
2023-04-19 19:33:29 0 [Note] InnoDB: Creating shared tablespace for temporary tables
2023-04-19 19:33:29 0 [Note] InnoDB: Setting file '\XAMPP\mysql\data\ibtmp1' size to 12 MB. Physically writing the file full; Please wait ...
2023-04-19 19:33:29 0 [Note] InnoDB: File '\XAMPP\mysql\data\ibtmp1' size is now 12 MB.
2023-04-19 19:33:29 0 [Note] InnoDB: Waiting for purge to start
2023-04-19 19:33:29 0 [Note] InnoDB: 10.4.11 started; log sequence number 444010; transaction id 578
2023-04-19 19:33:29 0 [Note] InnoDB: Loading buffer pool(s) from F:\XAMPP\mysql\data\ib_buffer_pool
2023-04-19 19:33:29 0 [Note] Plugin 'FEEDBACK' is disabled.
2023-04-19 19:33:29 0 [Note] InnoDB: Buffer pool(s) load completed at 230419 19:33:29
2023-04-19 19:33:29 0 [Note] Server socket created on IP: '::'.
InnoDB: using atomic writes.
2023-04-19 21:01:22 0 [Note] InnoDB: Mutexes and rw_locks use Windows interlocked functions
2023-04-19 21:01:22 0 [Note] InnoDB: Uses event mutexes
2023-04-19 21:01:22 0 [Note] InnoDB: Compressed tables use zlib 1.2.11
2023-04-19 21:01:22 0 [Note] InnoDB: Number of pools: 1
2023-04-19 21:01:22 0 [Note] InnoDB: Using SSE2 crc32 instructions
2023-04-19 21:01:22 0 [Note] InnoDB: Initializing buffer pool, total size = 16M, instances = 1, chunk size = 16M
2023-04-19 21:01:22 0 [Note] InnoDB: Completed initialization of buffer pool
2023-04-19 21:01:22 0 [Note] InnoDB: Starting crash recovery from checkpoint LSN=1038741
2023-04-19 21:01:23 0 [Note] InnoDB: 128 out of 128 rollback segments are active.
2023-04-19 21:01:23 0 [Note] InnoDB: Removed temporary tablespace data file: "ibtmp1"
2023-04-19 21:01:23 0 [Note] InnoDB: Creating shared tablespace for temporary tables
2023-04-19 21:01:23 0 [Note] InnoDB: Setting file '\XAMPP\mysql\data\ibtmp1' size to 12 MB. Physically writing the file full; Please wait ...
2023-04-19 21:01:23 0 [Note] InnoDB: File '\XAMPP\mysql\data\ibtmp1' size is now 12 MB.
2023-04-19 21:01:23 0 [Note] InnoDB: Waiting for purge to start
2023-04-19 21:01:23 0 [Note] InnoDB: 10.4.11 started; log sequence number 1038750; transaction id 1244
2023-04-19 21:01:23 0 [Note] InnoDB: Loading buffer pool(s) from F:\XAMPP\mysql\data\ib_buffer_pool
2023-04-19 21:01:23 0 [Note] Plugin 'FEEDBACK' is disabled.
2023-04-19 21:01:23 0 [Note] InnoDB: Buffer pool(s) load completed at 230419 21:01:23
2023-04-19 21:01:23 0 [Note] Server socket created on IP: '::'.
InnoDB: using atomic writes.
2023-04-23 20:47:47 0 [Note] InnoDB: Mutexes and rw_locks use Windows interlocked functions
2023-04-23 20:47:47 0 [Note] InnoDB: Uses event mutexes
2023-04-23 20:47:47 0 [Note] InnoDB: Compressed tables use zlib 1.2.11
2023-04-23 20:47:47 0 [Note] InnoDB: Number of pools: 1
2023-04-23 20:47:47 0 [Note] InnoDB: Using SSE2 crc32 instructions
2023-04-23 20:47:47 0 [Note] InnoDB: Initializing buffer pool, total size = 16M, instances = 1, chunk size = 16M
2023-04-23 20:47:47 0 [Note] InnoDB: Completed initialization of buffer pool
2023-04-23 20:47:47 0 [Note] InnoDB: Starting crash recovery from checkpoint LSN=1038759
2023-04-23 20:47:48 0 [Note] InnoDB: 128 out of 128 rollback segments are active.
2023-04-23 20:47:48 0 [Note] InnoDB: Removed temporary tablespace data file: "ibtmp1"
2023-04-23 20:47:48 0 [Note] InnoDB: Creating shared tablespace for temporary tables
2023-04-23 20:47:48 0 [Note] InnoDB: Setting file '\XAMPP\mysql\data\ibtmp1' size to 12 MB. Physically writing the file full; Please wait ...
2023-04-23 20:47:48 0 [Note] InnoDB: File '\XAMPP\mysql\data\ibtmp1' size is now 12 MB.
2023-04-23 20:47:48 0 [Note] InnoDB: Waiting for purge to start
2023-04-23 20:47:48 0 [Note] InnoDB: 10.4.11 started; log sequence number 1038768; transaction id 1244
2023-04-23 20:47:48 0 [Note] InnoDB: Loading buffer pool(s) from F:\XAMPP\mysql\data\ib_buffer_pool
2023-04-23 20:47:48 0 [Note] Plugin 'FEEDBACK' is disabled.
2023-04-23 20:47:48 0 [Note] InnoDB: Buffer pool(s) load completed at 230423 20:47:48
2023-04-23 20:47:48 0 [Note] Server socket created on IP: '::'.
InnoDB: using atomic writes.
2023-04-23 21:58:46 0 [Note] InnoDB: Mutexes and rw_locks use Windows interlocked functions
2023-04-23 21:58:46 0 [Note] InnoDB: Uses event mutexes
2023-04-23 21:58:46 0 [Note] InnoDB: Compressed tables use zlib 1.2.11
2023-04-23 21:58:46 0 [Note] InnoDB: Number of pools: 1
2023-04-23 21:58:46 0 [Note] InnoDB: Using SSE2 crc32 instructions
2023-04-23 21:58:46 0 [Note] InnoDB: Initializing buffer pool, total size = 16M, instances = 1, chunk size = 16M
2023-04-23 21:58:46 0 [Note] InnoDB: Completed initialization of buffer pool
2023-04-23 21:58:46 0 [Note] InnoDB: Starting crash recovery from checkpoint LSN=1187167
2023-04-23 21:58:48 0 [Note] InnoDB: 128 out of 128 rollback segments are active.
2023-04-23 21:58:48 0 [Note] InnoDB: Removed temporary tablespace data file: "ibtmp1"
2023-04-23 21:58:48 0 [Note] InnoDB: Creating shared tablespace for temporary tables
2023-04-23 21:58:48 0 [Note] InnoDB: Setting file '\XAMPP\mysql\data\ibtmp1' size to 12 MB. Physically writing the file full; Please wait ...
2023-04-23 21:58:48 0 [Note] InnoDB: File '\XAMPP\mysql\data\ibtmp1' size is now 12 MB.
2023-04-23 21:58:48 0 [Note] InnoDB: Waiting for purge to start
2023-04-23 21:58:48 0 [Note] InnoDB: 10.4.11 started; log sequence number 1187176; transaction id 1532
2023-04-23 21:58:48 0 [Note] InnoDB: Loading buffer pool(s) from F:\XAMPP\mysql\data\ib_buffer_pool
2023-04-23 21:58:48 0 [Note] Plugin 'FEEDBACK' is disabled.
2023-04-23 21:58:48 0 [Note] InnoDB: Buffer pool(s) load completed at 230423 21:58:48
2023-04-23 21:58:48 0 [Note] Server socket created on IP: '::'.
InnoDB: using atomic writes.
2023-04-24 14:21:46 0 [Note] InnoDB: Mutexes and rw_locks use Windows interlocked functions
2023-04-24 14:21:46 0 [Note] InnoDB: Uses event mutexes
2023-04-24 14:21:46 0 [Note] InnoDB: Compressed tables use zlib 1.2.11
2023-04-24 14:21:46 0 [Note] InnoDB: Number of pools: 1
2023-04-24 14:21:46 0 [Note] InnoDB: Using SSE2 crc32 instructions
2023-04-24 14:21:46 0 [Note] InnoDB: Initializing buffer pool, total size = 16M, instances = 1, chunk size = 16M
2023-04-24 14:21:46 0 [Note] InnoDB: Completed initialization of buffer pool
2023-04-24 14:21:46 0 [Note] InnoDB: Starting crash recovery from checkpoint LSN=1189395
2023-04-24 14:21:47 0 [Note] InnoDB: 128 out of 128 rollback segments are active.
2023-04-24 14:21:47 0 [Note] InnoDB: Removed temporary tablespace data file: "ibtmp1"
2023-04-24 14:21:47 0 [Note] InnoDB: Creating shared tablespace for temporary tables
2023-04-24 14:21:47 0 [Note] InnoDB: Setting file '\XAMPP\mysql\data\ibtmp1' size to 12 MB. Physically writing the file full; Please wait ...
2023-04-24 14:21:47 0 [Note] InnoDB: File '\XAMPP\mysql\data\ibtmp1' size is now 12 MB.
2023-04-24 14:21:47 0 [Note] InnoDB: Waiting for purge to start
2023-04-24 14:21:47 0 [Note] InnoDB: 10.4.11 started; log sequence number 1189404; transaction id 1557
2023-04-24 14:21:47 0 [Note] InnoDB: Loading buffer pool(s) from E:\XAMPP\mysql\data\ib_buffer_pool
2023-04-24 14:21:47 0 [Note] Plugin 'FEEDBACK' is disabled.
2023-04-24 14:21:47 0 [Note] Server socket created on IP: '::'.
InnoDB: using atomic writes.
2023-04-24 14:26:18 0 [Note] InnoDB: Mutexes and rw_locks use Windows interlocked functions
2023-04-24 14:26:18 0 [Note] InnoDB: Uses event mutexes
2023-04-24 14:26:18 0 [Note] InnoDB: Compressed tables use zlib 1.2.11
2023-04-24 14:26:18 0 [Note] InnoDB: Number of pools: 1
2023-04-24 14:26:18 0 [Note] InnoDB: Using SSE2 crc32 instructions
2023-04-24 14:26:18 0 [Note] InnoDB: Initializing buffer pool, total size = 16M, instances = 1, chunk size = 16M
2023-04-24 14:26:18 0 [Note] InnoDB: Completed initialization of buffer pool
2023-04-24 14:26:18 0 [Note] InnoDB: Starting crash recovery from checkpoint LSN=1191639
2023-04-24 14:26:19 0 [Note] InnoDB: 128 out of 128 rollback segments are active.
2023-04-24 14:26:19 0 [Note] InnoDB: Removed temporary tablespace data file: "ibtmp1"
2023-04-24 14:26:19 0 [Note] InnoDB: Creating shared tablespace for temporary tables
2023-04-24 14:26:19 0 [Note] InnoDB: Setting file '\XAMPP\mysql\data\ibtmp1' size to 12 MB. Physically writing the file full; Please wait ...
2023-04-24 14:26:19 0 [Note] InnoDB: File '\XAMPP\mysql\data\ibtmp1' size is now 12 MB.
2023-04-24 14:26:19 0 [Note] InnoDB: Waiting for purge to start
2023-04-24 14:26:19 0 [Note] InnoDB: 10.4.11 started; log sequence number 1191648; transaction id 1590
2023-04-24 14:26:19 0 [Note] InnoDB: Loading buffer pool(s) from E:\XAMPP\mysql\data\ib_buffer_pool
2023-04-24 14:26:19 0 [Note] Plugin 'FEEDBACK' is disabled.
2023-04-24 14:26:19 0 [Note] Server socket created on IP: '::'.
InnoDB: using atomic writes.
2023-04-24 14:46:58 0 [Note] InnoDB: Mutexes and rw_locks use Windows interlocked functions
2023-04-24 14:46:58 0 [Note] InnoDB: Uses event mutexes
2023-04-24 14:46:58 0 [Note] InnoDB: Compressed tables use zlib 1.2.11
2023-04-24 14:46:58 0 [Note] InnoDB: Number of pools: 1
2023-04-24 14:46:58 0 [Note] InnoDB: Using SSE2 crc32 instructions
2023-04-24 14:46:58 0 [Note] InnoDB: Initializing buffer pool, total size = 16M, instances = 1, chunk size = 16M
2023-04-24 14:46:58 0 [Note] InnoDB: Completed initialization of buffer pool
2023-04-24 14:46:58 0 [Note] InnoDB: Starting crash recovery from checkpoint LSN=1191657
2023-04-24 14:46:59 0 [Note] InnoDB: 128 out of 128 rollback segments are active.
2023-04-24 14:46:59 0 [Note] InnoDB: Removed temporary tablespace data file: "ibtmp1"
2023-04-24 14:46:59 0 [Note] InnoDB: Creating shared tablespace for temporary tables
2023-04-24 14:46:59 0 [Note] InnoDB: Setting file '\XAMPP\mysql\data\ibtmp1' size to 12 MB. Physically writing the file full; Please wait ...
2023-04-24 14:46:59 0 [Note] InnoDB: File '\XAMPP\mysql\data\ibtmp1' size is now 12 MB.
2023-04-24 14:46:59 0 [Note] InnoDB: Waiting for purge to start
2023-04-24 14:46:59 0 [Note] InnoDB: 10.4.11 started; log sequence number 1191666; transaction id 1590
2023-04-24 14:46:59 0 [Note] InnoDB: Loading buffer pool(s) from E:\XAMPP\mysql\data\ib_buffer_pool
2023-04-24 14:46:59 0 [Note] Plugin 'FEEDBACK' is disabled.
2023-04-24 14:46:59 0 [Note] Server socket created on IP: '::'.
InnoDB: using atomic writes.
2023-04-26 11:01:49 0 [Note] InnoDB: Mutexes and rw_locks use Windows interlocked functions
2023-04-26 11:01:49 0 [Note] InnoDB: Uses event mutexes
2023-04-26 11:01:49 0 [Note] InnoDB: Compressed tables use zlib 1.2.11
2023-04-26 11:01:49 0 [Note] InnoDB: Number of pools: 1
2023-04-26 11:01:49 0 [Note] InnoDB: Using generic crc32 instructions
2023-04-26 11:01:49 0 [Note] InnoDB: Initializing buffer pool, total size = 16M, instances = 1, chunk size = 16M
2023-04-26 11:01:49 0 [Note] InnoDB: Completed initialization of buffer pool
2023-04-26 11:01:49 0 [Note] InnoDB: Starting crash recovery from checkpoint LSN=1195308
2023-04-26 11:01:51 0 [Note] InnoDB: 128 out of 128 rollback segments are active.
2023-04-26 11:01:51 0 [Note] InnoDB: Removed temporary tablespace data file: "ibtmp1"
2023-04-26 11:01:51 0 [Note] InnoDB: Creating shared tablespace for temporary tables
2023-04-26 11:01:51 0 [Note] InnoDB: Setting file '\XAMPP\mysql\data\ibtmp1' size to 12 MB. Physically writing the file full; Please wait ...
2023-04-26 11:01:51 0 [Note] InnoDB: File '\XAMPP\mysql\data\ibtmp1' size is now 12 MB.
2023-04-26 11:01:51 0 [Note] InnoDB: Waiting for purge to start
2023-04-26 11:01:51 0 [Note] InnoDB: 10.4.11 started; log sequence number 1195317; transaction id 1628
2023-04-26 11:01:51 0 [Note] Plugin 'FEEDBACK' is disabled.
2023-04-26 11:01:51 0 [Note] InnoDB: Loading buffer pool(s) from D:\XAMPP\mysql\data\ib_buffer_pool
2023-04-26 11:01:51 0 [Note] Server socket created on IP: '::'.
2023-04-26 11:01:51 0 [ERROR] Can't start server: Bind on TCP/IP port. Got error: 10048: Tylko jedno uycie kadego adresu gniazda (protok/adres sieciowy/port) jest normalnie dozwolone.

2023-04-26 11:01:51 0 [ERROR] Do you already have another mysqld server running on port: 3306 ?
2023-04-26 11:01:51 0 [ERROR] Aborting
InnoDB: using atomic writes.
2023-04-26 11:02:15 0 [Note] InnoDB: Mutexes and rw_locks use Windows interlocked functions
2023-04-26 11:02:15 0 [Note] InnoDB: Uses event mutexes
2023-04-26 11:02:15 0 [Note] InnoDB: Compressed tables use zlib 1.2.11
2023-04-26 11:02:15 0 [Note] InnoDB: Number of pools: 1
2023-04-26 11:02:15 0 [Note] InnoDB: Using generic crc32 instructions
2023-04-26 11:02:15 0 [Note] InnoDB: Initializing buffer pool, total size = 16M, instances = 1, chunk size = 16M
2023-04-26 11:02:15 0 [Note] InnoDB: Completed initialization of buffer pool
2023-04-26 11:02:15 0 [Note] InnoDB: 128 out of 128 rollback segments are active.
2023-04-26 11:02:15 0 [Note] InnoDB: Creating shared tablespace for temporary tables
2023-04-26 11:02:15 0 [Note] InnoDB: Setting file '\XAMPP\mysql\data\ibtmp1' size to 12 MB. Physically writing the file full; Please wait ...
2023-04-26 11:02:15 0 [Note] InnoDB: File '\XAMPP\mysql\data\ibtmp1' size is now 12 MB.
2023-04-26 11:02:15 0 [Note] InnoDB: Waiting for purge to start
2023-04-26 11:02:15 0 [Note] InnoDB: 10.4.11 started; log sequence number 1195326; transaction id 1628
2023-04-26 11:02:15 0 [Note] Plugin 'FEEDBACK' is disabled.
2023-04-26 11:02:15 0 [Note] InnoDB: Loading buffer pool(s) from D:\XAMPP\mysql\data\ib_buffer_pool
2023-04-26 11:02:15 0 [Note] Server socket created on IP: '::'.
2023-04-30 16:12:30 0 [Note] mysqld.exe: Aria engine: starting recovery
recovered pages: 0% 49% 100% (0.0 seconds); tables to flush: 1 0
 (0.0 seconds); 
2023-04-30 16:12:30 0 [Note] mysqld.exe: Aria engine: recovery done
InnoDB: using atomic writes.
2023-04-30 16:12:30 0 [Note] InnoDB: Mutexes and rw_locks use Windows interlocked functions
2023-04-30 16:12:30 0 [Note] InnoDB: Uses event mutexes
2023-04-30 16:12:30 0 [Note] InnoDB: Compressed tables use zlib 1.2.11
2023-04-30 16:12:30 0 [Note] InnoDB: Number of pools: 1
2023-04-30 16:12:30 0 [Note] InnoDB: Using SSE2 crc32 instructions
2023-04-30 16:12:30 0 [Note] InnoDB: Initializing buffer pool, total size = 16M, instances = 1, chunk size = 16M
2023-04-30 16:12:30 0 [Note] InnoDB: Completed initialization of buffer pool
2023-04-30 16:12:31 0 [Note] InnoDB: Starting crash recovery from checkpoint LSN=1807040
2023-04-30 16:12:31 0 [Note] InnoDB: 128 out of 128 rollback segments are active.
2023-04-30 16:12:31 0 [Note] InnoDB: Removed temporary tablespace data file: "ibtmp1"
2023-04-30 16:12:31 0 [Note] InnoDB: Creating shared tablespace for temporary tables
2023-04-30 16:12:31 0 [Note] InnoDB: Setting file '\XAMPP\mysql\data\ibtmp1' size to 12 MB. Physically writing the file full; Please wait ...
2023-04-30 16:12:31 0 [Note] InnoDB: File '\XAMPP\mysql\data\ibtmp1' size is now 12 MB.
2023-04-30 16:12:31 0 [Note] InnoDB: Waiting for purge to start
2023-04-30 16:12:31 0 [Note] InnoDB: 10.4.11 started; log sequence number 1807049; transaction id 2749
2023-04-30 16:12:31 0 [Note] InnoDB: Loading buffer pool(s) from F:\XAMPP\mysql\data\ib_buffer_pool
2023-04-30 16:12:31 0 [Note] Plugin 'FEEDBACK' is disabled.
2023-04-30 16:12:32 0 [Note] InnoDB: Buffer pool(s) load completed at 230430 16:12:32
2023-04-30 16:12:32 0 [Note] Server socket created on IP: '::'.
InnoDB: using atomic writes.
2023-04-30 20:35:02 0 [Note] InnoDB: Mutexes and rw_locks use Windows interlocked functions
2023-04-30 20:35:02 0 [Note] InnoDB: Uses event mutexes
2023-04-30 20:35:02 0 [Note] InnoDB: Compressed tables use zlib 1.2.11
2023-04-30 20:35:02 0 [Note] InnoDB: Number of pools: 1
2023-04-30 20:35:02 0 [Note] InnoDB: Using SSE2 crc32 instructions
2023-04-30 20:35:02 0 [Note] InnoDB: Initializing buffer pool, total size = 16M, instances = 1, chunk size = 16M
2023-04-30 20:35:02 0 [Note] InnoDB: Completed initialization of buffer pool
2023-04-30 20:35:02 0 [Note] InnoDB: Starting crash recovery from checkpoint LSN=1833375
2023-04-30 20:35:02 0 [Note] InnoDB: 128 out of 128 rollback segments are active.
2023-04-30 20:35:02 0 [Note] InnoDB: Removed temporary tablespace data file: "ibtmp1"
2023-04-30 20:35:03 0 [Note] InnoDB: Creating shared tablespace for temporary tables
2023-04-30 20:35:03 0 [Note] InnoDB: Setting file '\XAMPP\mysql\data\ibtmp1' size to 12 MB. Physically writing the file full; Please wait ...
2023-04-30 20:35:03 0 [Note] InnoDB: File '\XAMPP\mysql\data\ibtmp1' size is now 12 MB.
2023-04-30 20:35:03 0 [Note] InnoDB: Waiting for purge to start
2023-04-30 20:35:03 0 [Note] InnoDB: 10.4.11 started; log sequence number 1833384; transaction id 2842
2023-04-30 20:35:03 0 [Note] InnoDB: Loading buffer pool(s) from F:\XAMPP\mysql\data\ib_buffer_pool
2023-04-30 20:35:03 0 [Note] Plugin 'FEEDBACK' is disabled.
2023-04-30 20:35:03 0 [Note] InnoDB: Buffer pool(s) load completed at 230430 20:35:03
2023-04-30 20:35:03 0 [Note] Server socket created on IP: '::'.
InnoDB: using atomic writes.
2023-05-07 10:25:03 0 [Note] InnoDB: Mutexes and rw_locks use Windows interlocked functions
2023-05-07 10:25:03 0 [Note] InnoDB: Uses event mutexes
2023-05-07 10:25:03 0 [Note] InnoDB: Compressed tables use zlib 1.2.11
2023-05-07 10:25:03 0 [Note] InnoDB: Number of pools: 1
2023-05-07 10:25:03 0 [Note] InnoDB: Using SSE2 crc32 instructions
2023-05-07 10:25:03 0 [Note] InnoDB: Initializing buffer pool, total size = 16M, instances = 1, chunk size = 16M
2023-05-07 10:25:03 0 [Note] InnoDB: Completed initialization of buffer pool
2023-05-07 10:25:03 0 [Note] InnoDB: Starting crash recovery from checkpoint LSN=1833705
2023-05-07 10:25:04 0 [Note] InnoDB: 128 out of 128 rollback segments are active.
2023-05-07 10:25:04 0 [Note] InnoDB: Removed temporary tablespace data file: "ibtmp1"
2023-05-07 10:25:04 0 [Note] InnoDB: Creating shared tablespace for temporary tables
2023-05-07 10:25:04 0 [Note] InnoDB: Setting file '\XAMPP\mysql\data\ibtmp1' size to 12 MB. Physically writing the file full; Please wait ...
2023-05-07 10:25:04 0 [Note] InnoDB: File '\XAMPP\mysql\data\ibtmp1' size is now 12 MB.
2023-05-07 10:25:04 0 [Note] InnoDB: Waiting for purge to start
2023-05-07 10:25:04 0 [Note] InnoDB: 10.4.11 started; log sequence number 1833714; transaction id 2851
2023-05-07 10:25:04 0 [Note] InnoDB: Loading buffer pool(s) from F:\XAMPP\mysql\data\ib_buffer_pool
2023-05-07 10:25:04 0 [Note] Plugin 'FEEDBACK' is disabled.
2023-05-07 10:25:04 0 [Note] InnoDB: Buffer pool(s) load completed at 230507 10:25:04
2023-05-07 10:25:04 0 [Note] Server socket created on IP: '::'.
InnoDB: using atomic writes.
2023-05-12 11:53:45 0 [Note] InnoDB: Mutexes and rw_locks use Windows interlocked functions
2023-05-12 11:53:45 0 [Note] InnoDB: Uses event mutexes
2023-05-12 11:53:45 0 [Note] InnoDB: Compressed tables use zlib 1.2.11
2023-05-12 11:53:45 0 [Note] InnoDB: Number of pools: 1
2023-05-12 11:53:45 0 [Note] InnoDB: Using SSE2 crc32 instructions
2023-05-12 11:53:45 0 [Note] InnoDB: Initializing buffer pool, total size = 16M, instances = 1, chunk size = 16M
2023-05-12 11:53:45 0 [Note] InnoDB: Completed initialization of buffer pool
2023-05-12 11:53:45 0 [Note] InnoDB: Starting crash recovery from checkpoint LSN=1869497
2023-05-12 11:53:47 0 [Note] InnoDB: 128 out of 128 rollback segments are active.
2023-05-12 11:53:47 0 [Note] InnoDB: Removed temporary tablespace data file: "ibtmp1"
2023-05-12 11:53:47 0 [Note] InnoDB: Creating shared tablespace for temporary tables
2023-05-12 11:53:47 0 [Note] InnoDB: Setting file '\XAMPP\mysql\data\ibtmp1' size to 12 MB. Physically writing the file full; Please wait ...
2023-05-12 11:53:47 0 [Note] InnoDB: File '\XAMPP\mysql\data\ibtmp1' size is now 12 MB.
2023-05-12 11:53:47 0 [Note] InnoDB: Waiting for purge to start
2023-05-12 11:53:47 0 [Note] InnoDB: 10.4.11 started; log sequence number 1869506; transaction id 2966
2023-05-12 11:53:47 0 [Note] Plugin 'FEEDBACK' is disabled.
2023-05-12 11:53:47 0 [Note] InnoDB: Loading buffer pool(s) from E:\XAMPP\mysql\data\ib_buffer_pool
2023-05-12 11:53:47 0 [Note] Server socket created on IP: '::'.
2023-05-12 11:53:48 0 [Note] InnoDB: Buffer pool(s) load completed at 230512 11:53:48
2023-05-12 11:53:48 0 [Note] Reading of all Master_info entries succeeded
2023-05-12 11:53:48 0 [Note] Added new Master_info '' to hash table
2023-05-12 11:53:48 0 [Note] e:\xampp\mysql\bin\mysqld.exe: ready for connections.
Version: '10.4.11-MariaDB'  socket: ''  port: 3306  mariadb.org binary distribution
2023-05-12 11:54:21 8 [Warning] Access denied for user 'pma'@'localhost' (using password: NO)
2023-05-12 11:54:22 11 [Warning] Access denied for user 'pma'@'localhost' (using password: NO)
2023-05-12 11:54:26 14 [Warning] Access denied for user 'pma'@'localhost' (using password: NO)
2023-05-12 11:54:26 17 [Warning] Access denied for user 'pma'@'localhost' (using password: NO)
2023-05-12 11:54:27 20 [Warning] Access denied for user 'pma'@'localhost' (using password: NO)
2023-05-12 11:54:28 23 [Warning] Access denied for user 'pma'@'localhost' (using password: NO)
2023-05-12 11:54:28 26 [Warning] Access denied for user 'pma'@'localhost' (using password: NO)
2023-05-12 11:54:28 30 [Warning] Access denied for user 'pma'@'localhost' (using password: NO)
2023-05-12 11:56:24 68 [Warning] Access denied for user 'pma'@'localhost' (using password: NO)
2023-05-12 11:56:33 71 [Warning] Access denied for user 'pma'@'localhost' (using password: NO)
2023-05-12 11:56:35 74 [Warning] Access denied for user 'pma'@'localhost' (using password: NO)
2023-05-12 11:56:38 77 [Warning] Access denied for user 'pma'@'localhost' (using password: NO)
2023-05-12 11:56:40 80 [Warning] Access denied for user 'pma'@'localhost' (using password: NO)
2023-05-12 11:57:24 92 [Warning] Access denied for user 'pma'@'localhost' (using password: NO)
2023-05-12 11:57:25 95 [Warning] Access denied for user 'pma'@'localhost' (using password: NO)
2023-05-12 11:57:26 98 [Warning] Access denied for user 'pma'@'localhost' (using password: NO)
2023-05-12 11:57:26 101 [Warning] Access denied for user 'pma'@'localhost' (using password: NO)
2023-05-12 11:57:27 104 [Warning] Access denied for user 'pma'@'localhost' (using password: NO)
2023-05-12 11:57:28 107 [Warning] Access denied for user 'pma'@'localhost' (using password: NO)
2023-05-12 11:57:32 110 [Warning] Access denied for user 'pma'@'localhost' (using password: NO)
InnoDB: using atomic writes.
2023-05-17 11:02:47 0 [Note] InnoDB: Mutexes and rw_locks use Windows interlocked functions
2023-05-17 11:02:47 0 [Note] InnoDB: Uses event mutexes
2023-05-17 11:02:47 0 [Note] InnoDB: Compressed tables use zlib 1.2.11
2023-05-17 11:02:47 0 [Note] InnoDB: Number of pools: 1
2023-05-17 11:02:47 0 [Note] InnoDB: Using generic crc32 instructions
2023-05-17 11:02:52 0 [Note] InnoDB: Initializing buffer pool, total size = 16M, instances = 1, chunk size = 16M
2023-05-17 11:02:54 0 [Note] InnoDB: Completed initialization of buffer pool
2023-05-17 11:03:11 0 [Note] InnoDB: Read redo log up to LSN=1870848
2023-05-17 11:03:11 0 [Note] InnoDB: Starting crash recovery from checkpoint LSN=1870738
2023-05-17 11:03:41 0 [Note] InnoDB: 128 out of 128 rollback segments are active.
2023-05-17 11:03:42 0 [Note] InnoDB: Removed temporary tablespace data file: "ibtmp1"
2023-05-17 11:03:42 0 [Note] InnoDB: Creating shared tablespace for temporary tables
2023-05-17 11:03:42 0 [Note] InnoDB: Setting file '\XAMPP\mysql\data\ibtmp1' size to 12 MB. Physically writing the file full; Please wait ...
2023-05-17 11:03:42 0 [Note] InnoDB: File '\XAMPP\mysql\data\ibtmp1' size is now 12 MB.
2023-05-17 11:03:48 0 [Note] InnoDB: Waiting for purge to start
2023-05-17 11:03:48 0 [Note] InnoDB: 10.4.11 started; log sequence number 1870747; transaction id 2999
2023-05-17 11:03:48 0 [Note] Plugin 'FEEDBACK' is disabled.
2023-05-17 11:03:48 0 [Note] InnoDB: Loading buffer pool(s) from D:\XAMPP\mysql\data\ib_buffer_pool
2023-05-17 11:04:00 0 [Note] Server socket created on IP: '::'.
2023-05-17 11:04:00 0 [ERROR] Can't start server: Bind on TCP/IP port. Got error: 10048: Tylko jedno uycie kadego adresu gniazda (protok/adres sieciowy/port) jest normalnie dozwolone.

2023-05-17 11:04:00 0 [ERROR] Do you already have another mysqld server running on port: 3306 ?
2023-05-17 11:04:00 0 [ERROR] Aborting
InnoDB: using atomic writes.
2023-05-17 11:13:45 0 [Note] InnoDB: Mutexes and rw_locks use Windows interlocked functions
2023-05-17 11:13:45 0 [Note] InnoDB: Uses event mutexes
2023-05-17 11:13:45 0 [Note] InnoDB: Compressed tables use zlib 1.2.11
2023-05-17 11:13:45 0 [Note] InnoDB: Number of pools: 1
2023-05-17 11:13:45 0 [Note] InnoDB: Using generic crc32 instructions
2023-05-17 11:13:45 0 [Note] InnoDB: Initializing buffer pool, total size = 16M, instances = 1, chunk size = 16M
2023-05-17 11:13:45 0 [Note] InnoDB: Completed initialization of buffer pool
2023-05-17 11:13:46 0 [Note] InnoDB: 128 out of 128 rollback segments are active.
2023-05-17 11:13:46 0 [Note] InnoDB: Creating shared tablespace for temporary tables
2023-05-17 11:13:46 0 [Note] InnoDB: Setting file '\XAMPP\mysql\data\ibtmp1' size to 12 MB. Physically writing the file full; Please wait ...
2023-05-17 11:13:46 0 [Note] InnoDB: File '\XAMPP\mysql\data\ibtmp1' size is now 12 MB.
2023-05-17 11:13:46 0 [Note] InnoDB: Waiting for purge to start
2023-05-17 11:13:46 0 [Note] InnoDB: 10.4.11 started; log sequence number 1870765; transaction id 2999
2023-05-17 11:13:46 0 [Note] Plugin 'FEEDBACK' is disabled.
2023-05-17 11:13:46 0 [Note] InnoDB: Loading buffer pool(s) from D:\XAMPP\mysql\data\ib_buffer_pool
2023-05-17 11:13:46 0 [Note] Server socket created on IP: '::'.
InnoDB: using atomic writes.
2023-05-21 15:24:11 0 [Note] InnoDB: Mutexes and rw_locks use Windows interlocked functions
2023-05-21 15:24:11 0 [Note] InnoDB: Uses event mutexes
2023-05-21 15:24:11 0 [Note] InnoDB: Compressed tables use zlib 1.2.11
2023-05-21 15:24:11 0 [Note] InnoDB: Number of pools: 1
2023-05-21 15:24:11 0 [Note] InnoDB: Using SSE2 crc32 instructions
2023-05-21 15:24:11 0 [Note] InnoDB: Initializing buffer pool, total size = 16M, instances = 1, chunk size = 16M
2023-05-21 15:24:11 0 [Note] InnoDB: Completed initialization of buffer pool
2023-05-21 15:24:11 0 [Note] InnoDB: Starting crash recovery from checkpoint LSN=1878777
2023-05-21 15:24:12 0 [Note] InnoDB: 128 out of 128 rollback segments are active.
2023-05-21 15:24:12 0 [Note] InnoDB: Removed temporary tablespace data file: "ibtmp1"
2023-05-21 15:24:12 0 [Note] InnoDB: Creating shared tablespace for temporary tables
2023-05-21 15:24:12 0 [Note] InnoDB: Setting file '\XAMPP\mysql\data\ibtmp1' size to 12 MB. Physically writing the file full; Please wait ...
2023-05-21 15:24:12 0 [Note] InnoDB: File '\XAMPP\mysql\data\ibtmp1' size is now 12 MB.
2023-05-21 15:24:12 0 [Note] InnoDB: Waiting for purge to start
2023-05-21 15:24:12 0 [Note] InnoDB: 10.4.11 started; log sequence number 1878786; transaction id 3037
2023-05-21 15:24:12 0 [Note] Plugin 'FEEDBACK' is disabled.
2023-05-21 15:24:12 0 [Note] InnoDB: Loading buffer pool(s) from F:\XAMPP\mysql\data\ib_buffer_pool
2023-05-21 15:24:13 0 [Note] Server socket created on IP: '::'.
InnoDB: using atomic writes.
2023-05-28 16:39:01 0 [Note] InnoDB: Mutexes and rw_locks use Windows interlocked functions
2023-05-28 16:39:01 0 [Note] InnoDB: Uses event mutexes
2023-05-28 16:39:01 0 [Note] InnoDB: Compressed tables use zlib 1.2.11
2023-05-28 16:39:01 0 [Note] InnoDB: Number of pools: 1
2023-05-28 16:39:01 0 [Note] InnoDB: Using SSE2 crc32 instructions
2023-05-28 16:39:01 0 [Note] InnoDB: Initializing buffer pool, total size = 16M, instances = 1, chunk size = 16M
2023-05-28 16:39:01 0 [Note] InnoDB: Completed initialization of buffer pool
2023-05-28 16:39:01 0 [Note] InnoDB: Starting crash recovery from checkpoint LSN=1879771
2023-05-28 16:39:02 0 [Note] InnoDB: 128 out of 128 rollback segments are active.
2023-05-28 16:39:02 0 [Note] InnoDB: Removed temporary tablespace data file: "ibtmp1"
2023-05-28 16:39:02 0 [Note] InnoDB: Creating shared tablespace for temporary tables
2023-05-28 16:39:02 0 [Note] InnoDB: Setting file '\XAMPP\mysql\data\ibtmp1' size to 12 MB. Physically writing the file full; Please wait ...
2023-05-28 16:39:02 0 [Note] InnoDB: File '\XAMPP\mysql\data\ibtmp1' size is now 12 MB.
2023-05-28 16:39:02 0 [Note] InnoDB: Waiting for purge to start
2023-05-28 16:39:02 0 [Note] InnoDB: 10.4.11 started; log sequence number 1879780; transaction id 3062
2023-05-28 16:39:02 0 [Note] Plugin 'FEEDBACK' is disabled.
2023-05-28 16:39:02 0 [Note] InnoDB: Loading buffer pool(s) from F:\XAMPP\mysql\data\ib_buffer_pool
2023-05-28 16:39:02 0 [Note] Server socket created on IP: '::'.
InnoDB: using atomic writes.
2023-06-02 19:06:05 0 [Note] InnoDB: Mutexes and rw_locks use Windows interlocked functions
2023-06-02 19:06:05 0 [Note] InnoDB: Uses event mutexes
2023-06-02 19:06:05 0 [Note] InnoDB: Compressed tables use zlib 1.2.11
2023-06-02 19:06:05 0 [Note] InnoDB: Number of pools: 1
2023-06-02 19:06:05 0 [Note] InnoDB: Using SSE2 crc32 instructions
2023-06-02 19:06:05 0 [Note] InnoDB: Initializing buffer pool, total size = 16M, instances = 1, chunk size = 16M
2023-06-02 19:06:05 0 [Note] InnoDB: Completed initialization of buffer pool
2023-06-02 19:06:05 0 [Note] InnoDB: Starting crash recovery from checkpoint LSN=1879789
2023-06-02 19:06:07 0 [Note] InnoDB: 128 out of 128 rollback segments are active.
2023-06-02 19:06:07 0 [Note] InnoDB: Removed temporary tablespace data file: "ibtmp1"
2023-06-02 19:06:07 0 [Note] InnoDB: Creating shared tablespace for temporary tables
2023-06-02 19:06:07 0 [Note] InnoDB: Setting file '\K\KAGIA\XAMPP\mysql\data\ibtmp1' size to 12 MB. Physically writing the file full; Please wait ...
2023-06-02 19:06:07 0 [Note] InnoDB: File '\K\KAGIA\XAMPP\mysql\data\ibtmp1' size is now 12 MB.
2023-06-02 19:06:07 0 [Note] InnoDB: Waiting for purge to start
2023-06-02 19:06:07 0 [Note] InnoDB: 10.4.11 started; log sequence number 1879798; transaction id 3062
2023-06-02 19:06:07 0 [Note] InnoDB: Loading buffer pool(s) from D:\K\KAGIA\XAMPP\mysql\data\ib_buffer_pool
2023-06-02 19:06:07 0 [Note] Plugin 'FEEDBACK' is disabled.
2023-06-02 19:06:07 0 [Note] Server socket created on IP: '::'.
InnoDB: using atomic writes.
2023-06-04  1:49:29 0 [Note] InnoDB: Mutexes and rw_locks use Windows interlocked functions
2023-06-04  1:49:29 0 [Note] InnoDB: Uses event mutexes
2023-06-04  1:49:29 0 [Note] InnoDB: Compressed tables use zlib 1.2.11
2023-06-04  1:49:29 0 [Note] InnoDB: Number of pools: 1
2023-06-04  1:49:29 0 [Note] InnoDB: Using SSE2 crc32 instructions
2023-06-04  1:49:29 0 [Note] InnoDB: Initializing buffer pool, total size = 16M, instances = 1, chunk size = 16M
2023-06-04  1:49:29 0 [Note] InnoDB: Completed initialization of buffer pool
2023-06-04  1:49:29 0 [Note] InnoDB: Starting crash recovery from checkpoint LSN=2025161
2023-06-04  1:49:29 0 [Note] InnoDB: 128 out of 128 rollback segments are active.
2023-06-04  1:49:29 0 [Note] InnoDB: Removed temporary tablespace data file: "ibtmp1"
2023-06-04  1:49:29 0 [Note] InnoDB: Creating shared tablespace for temporary tables
2023-06-04  1:49:29 0 [Note] InnoDB: Setting file '\K\KAGIA\XAMPP\mysql\data\ibtmp1' size to 12 MB. Physically writing the file full; Please wait ...
2023-06-04  1:49:29 0 [Note] InnoDB: File '\K\KAGIA\XAMPP\mysql\data\ibtmp1' size is now 12 MB.
2023-06-04  1:49:29 0 [Note] InnoDB: Waiting for purge to start
2023-06-04  1:49:29 0 [Note] InnoDB: 10.4.11 started; log sequence number 2025170; transaction id 3284
2023-06-04  1:49:29 0 [Note] InnoDB: Loading buffer pool(s) from D:\K\KAGIA\XAMPP\mysql\data\ib_buffer_pool
2023-06-04  1:49:29 0 [Note] Plugin 'FEEDBACK' is disabled.
2023-06-04  1:49:29 0 [Note] Server socket created on IP: '::'.
InnoDB: using atomic writes.
2023-06-04 15:23:16 0 [Note] InnoDB: Mutexes and rw_locks use Windows interlocked functions
2023-06-04 15:23:16 0 [Note] InnoDB: Uses event mutexes
2023-06-04 15:23:16 0 [Note] InnoDB: Compressed tables use zlib 1.2.11
2023-06-04 15:23:16 0 [Note] InnoDB: Number of pools: 1
2023-06-04 15:23:16 0 [Note] InnoDB: Using SSE2 crc32 instructions
2023-06-04 15:23:16 0 [Note] InnoDB: Initializing buffer pool, total size = 16M, instances = 1, chunk size = 16M
2023-06-04 15:23:16 0 [Note] InnoDB: Completed initialization of buffer pool
2023-06-04 15:23:16 0 [Note] InnoDB: Starting crash recovery from checkpoint LSN=2025179
2023-06-04 15:23:19 0 [Note] InnoDB: 128 out of 128 rollback segments are active.
2023-06-04 15:23:19 0 [Note] InnoDB: Removed temporary tablespace data file: "ibtmp1"
2023-06-04 15:23:19 0 [Note] InnoDB: Creating shared tablespace for temporary tables
2023-06-04 15:23:19 0 [Note] InnoDB: Setting file '\K\KAGIA\XAMPP\mysql\data\ibtmp1' size to 12 MB. Physically writing the file full; Please wait ...
2023-06-04 15:23:19 0 [Note] InnoDB: File '\K\KAGIA\XAMPP\mysql\data\ibtmp1' size is now 12 MB.
2023-06-04 15:23:19 0 [Note] InnoDB: Waiting for purge to start
2023-06-04 15:23:19 0 [Note] InnoDB: 10.4.11 started; log sequence number 2025188; transaction id 3284
2023-06-04 15:23:19 0 [Note] InnoDB: Loading buffer pool(s) from D:\K\KAGIA\XAMPP\mysql\data\ib_buffer_pool
2023-06-04 15:23:19 0 [Note] Plugin 'FEEDBACK' is disabled.
2023-06-04 15:23:19 0 [Note] Server socket created on IP: '::'.
